TN:
SF:src\app\app.html
FNF:0
FNH:0
DA:1,2
LF:1
LH:1
BRF:0
BRH:0
end_of_record
TN:
SF:src\app\app.ts
FN:34,ngOnInit
FN:42,onUserActivity
FN:30,hostBindings
FN:30,App_mousemove_HostBindingHandler
FNF:4
FNH:2
FNDA:1,ngOnInit
FNDA:0,onUserActivity
FNDA:1,hostBindings
FNDA:0,App_mousemove_HostBindingHandler
DA:30,4
DA:32,2
DA:35,1
DA:43,0
LF:4
LH:3
BRDA:30,0,0,2
BRDA:30,0,1,2
BRDA:30,1,0,2
BRDA:30,1,1,2
BRDA:30,2,0,1
BRDA:30,2,1,1
BRDA:30,2,2,1
BRDA:30,3,0,1
BRDA:30,3,1,1
BRDA:30,3,2,1
BRF:10
BRH:10
end_of_record
TN:
SF:src\app\api\api-configuration.ts
FNF:0
FNH:0
DA:24,11
DA:25,0
LF:2
LH:1
BRDA:24,0,0,0
BRDA:24,0,1,0
BRDA:24,1,0,11
BRDA:24,1,1,11
BRDA:24,1,2,11
BRF:5
BRH:3
end_of_record
TN:
SF:src\app\api\api.ts
FN:19,constructor
FN:31,rootUrl
FN:38,rootUrl_2
FN:47,invoke
FN:57,invoke$Response
FN:60,(anonymous_5)
FN:61,(anonymous_6)
FNF:7
FNH:0
FNDA:0,constructor
FNDA:0,rootUrl
FNDA:0,rootUrl_2
FNDA:0,invoke
FNDA:0,invoke$Response
FNDA:0,(anonymous_5)
FNDA:0,(anonymous_6)
DA:18,11
DA:20,0
DA:21,0
DA:32,0
DA:39,0
DA:48,0
DA:49,0
DA:58,0
DA:60,0
DA:61,0
DA:62,0
LF:11
LH:1
BRDA:32,0,0,0
BRDA:32,0,1,0
BRDA:18,1,0,0
BRDA:18,1,1,0
BRDA:18,2,0,11
BRDA:18,2,1,11
BRDA:18,2,2,11
BRF:7
BRH:3
end_of_record
TN:
SF:src\app\api\request-builder.ts
FN:11,encodeKey
FN:15,encodeValue
FN:19,decodeKey
FN:23,decodeValue
FN:41,constructor
FN:51,serializeValue
FN:55,(anonymous_6)
FN:81,constructor_2
FN:85,append
FN:100,(anonymous_9)
FN:118,serializeValue_2
FN:131,constructor_3
FN:135,append_2
FN:190,constructor_4
FN:194,append_3
FN:219,constructor_5
FN:228,path
FN:235,query
FN:242,header
FN:249,body
FN:270,(anonymous_20)
FN:299,formDataValue
FN:315,build
FNF:23
FNH:0
FNDA:0,encodeKey
FNDA:0,encodeValue
FNDA:0,decodeKey
FNDA:0,decodeValue
FNDA:0,constructor
FNDA:0,serializeValue
FNDA:0,(anonymous_6)
FNDA:0,constructor_2
FNDA:0,append
FNDA:0,(anonymous_9)
FNDA:0,serializeValue_2
FNDA:0,constructor_3
FNDA:0,append_2
FNDA:0,constructor_4
FNDA:0,append_3
FNDA:0,constructor_5
FNDA:0,path
FNDA:0,query
FNDA:0,header
FNDA:0,body
FNDA:0,(anonymous_20)
FNDA:0,formDataValue
FNDA:0,build
DA:10,11
DA:12,0
DA:16,0
DA:20,0
DA:24,0
DA:27,11
DA:40,11
DA:41,0
DA:42,0
DA:43,0
DA:44,0
DA:46,0
DA:47,0
DA:52,0
DA:53,0
DA:54,0
DA:55,0
DA:56,0
DA:57,0
DA:58,0
DA:59,0
DA:60,0
DA:61,0
DA:62,0
DA:63,0
DA:65,0
DA:66,0
DA:70,0
DA:72,0
DA:80,11
DA:82,0
DA:86,0
DA:87,0
DA:88,0
DA:90,0
DA:91,0
DA:92,0
DA:93,0
DA:95,0
DA:96,0
DA:97,0
DA:98,0
DA:100,0
DA:101,0
DA:102,0
DA:105,0
DA:106,0
DA:110,0
DA:112,0
DA:113,0
DA:114,0
DA:119,0
DA:120,0
DA:121,0
DA:122,0
DA:123,0
DA:130,11
DA:132,0
DA:136,0
DA:138,0
DA:139,0
DA:140,0
DA:143,0
DA:146,0
DA:148,0
DA:150,0
DA:152,0
DA:153,0
DA:154,0
DA:155,0
DA:158,0
DA:160,0
DA:161,0
DA:162,0
DA:163,0
DA:168,0
DA:169,0
DA:170,0
DA:171,0
DA:172,0
DA:173,0
DA:176,0
DA:178,0
DA:180,0
DA:182,0
DA:189,11
DA:191,0
DA:195,0
DA:196,0
DA:197,0
DA:198,0
DA:201,0
DA:204,0
DA:211,11
DA:213,0
DA:214,0
DA:215,0
DA:220,0
DA:221,0
DA:222,0
DA:229,0
DA:236,0
DA:243,0
DA:250,0
DA:251,0
DA:253,0
DA:255,0
DA:257,0
DA:258,0
DA:259,0
DA:260,0
DA:261,0
DA:263,0
DA:264,0
DA:265,0
DA:266,0
DA:270,0
DA:271,0
DA:273,0
DA:274,0
DA:275,0
DA:276,0
DA:277,0
DA:278,0
DA:279,0
DA:280,0
DA:281,0
DA:285,0
DA:286,0
DA:287,0
DA:292,0
DA:295,0
DA:300,0
DA:301,0
DA:303,0
DA:304,0
DA:306,0
DA:307,0
DA:309,0
DA:329,0
DA:332,0
DA:333,0
DA:334,0
DA:336,0
DA:339,0
DA:342,0
DA:343,0
DA:347,0
DA:348,0
DA:349,0
DA:351,0
DA:352,0
DA:356,0
DA:357,0
DA:361,0
LF:155
LH:7
BRDA:42,0,0,0
BRDA:42,0,1,0
BRDA:43,1,0,0
BRDA:43,1,1,0
BRDA:43,2,0,0
BRDA:43,2,1,0
BRDA:46,3,0,0
BRDA:46,3,1,0
BRDA:46,4,0,0
BRDA:46,4,1,0
BRDA:51,5,0,0
BRDA:52,6,0,0
BRDA:52,6,1,0
BRDA:52,7,0,0
BRDA:52,7,1,0
BRDA:54,8,0,0
BRDA:54,8,1,0
BRDA:56,9,0,0
BRDA:56,9,1,0
BRDA:60,10,0,0
BRDA:60,10,1,0
BRDA:60,11,0,0
BRDA:60,11,1,0
BRDA:62,12,0,0
BRDA:62,12,1,0
BRDA:87,13,0,0
BRDA:87,13,1,0
BRDA:87,14,0,0
BRDA:87,14,1,0
BRDA:90,15,0,0
BRDA:90,15,1,0
BRDA:91,16,0,0
BRDA:91,16,1,0
BRDA:91,17,0,0
BRDA:91,17,1,0
BRDA:93,18,0,0
BRDA:93,18,1,0
BRDA:96,19,0,0
BRDA:96,19,1,0
BRDA:96,20,0,0
BRDA:96,20,1,0
BRDA:98,21,0,0
BRDA:98,21,1,0
BRDA:110,22,0,0
BRDA:110,22,1,0
BRDA:113,23,0,0
BRDA:113,23,1,0
BRDA:118,24,0,0
BRDA:119,25,0,0
BRDA:119,25,1,0
BRDA:136,26,0,0
BRDA:136,26,1,0
BRDA:138,27,0,0
BRDA:138,27,1,0
BRDA:143,28,0,0
BRDA:143,28,1,0
BRDA:144,29,0,0
BRDA:144,29,1,0
BRDA:148,30,0,0
BRDA:148,30,1,0
BRDA:148,31,0,0
BRDA:148,31,1,0
BRDA:150,32,0,0
BRDA:150,32,1,0
BRDA:154,33,0,0
BRDA:154,33,1,0
BRDA:154,34,0,0
BRDA:154,34,1,0
BRDA:158,35,0,0
BRDA:158,35,1,0
BRDA:162,36,0,0
BRDA:162,36,1,0
BRDA:162,37,0,0
BRDA:162,37,1,0
BRDA:171,38,0,0
BRDA:171,38,1,0
BRDA:171,39,0,0
BRDA:171,39,1,0
BRDA:178,40,0,0
BRDA:178,40,1,0
BRDA:178,41,0,0
BRDA:178,41,1,0
BRDA:195,42,0,0
BRDA:195,42,1,0
BRDA:195,43,0,0
BRDA:195,43,1,0
BRDA:196,44,0,0
BRDA:196,44,1,0
BRDA:229,45,0,0
BRDA:229,45,1,0
BRDA:236,46,0,0
BRDA:236,46,1,0
BRDA:243,47,0,0
BRDA:243,47,1,0
BRDA:249,48,0,0
BRDA:250,49,0,0
BRDA:250,49,1,0
BRDA:255,50,0,0
BRDA:255,50,1,0
BRDA:255,51,0,0
BRDA:255,51,1,0
BRDA:255,51,2,0
BRDA:260,52,0,0
BRDA:260,52,1,0
BRDA:265,53,0,0
BRDA:265,53,1,0
BRDA:271,54,0,0
BRDA:271,54,1,0
BRDA:274,55,0,0
BRDA:274,55,1,0
BRDA:274,56,0,0
BRDA:274,56,1,0
BRDA:277,57,0,0
BRDA:277,57,1,0
BRDA:280,58,0,0
BRDA:280,58,1,0
BRDA:286,59,0,0
BRDA:286,59,1,0
BRDA:300,60,0,0
BRDA:300,60,1,0
BRDA:300,61,0,0
BRDA:300,61,1,0
BRDA:303,62,0,0
BRDA:303,62,1,0
BRDA:306,63,0,0
BRDA:306,63,1,0
BRDA:329,64,0,0
BRDA:329,64,1,0
BRDA:348,65,0,0
BRDA:348,65,1,0
BRDA:356,66,0,0
BRDA:356,66,1,0
BRDA:356,67,0,0
BRDA:356,67,1,0
BRF:134
BRH:0
end_of_record
TN:
SF:src\app\api\fn\category\category-detail.ts
FN:15,categoryDetail
FN:24,(anonymous_1)
FN:25,(anonymous_2)
FNF:3
FNH:0
FNDA:0,categoryDetail
FNDA:0,(anonymous_1)
FNDA:0,(anonymous_2)
DA:16,0
DA:17,0
DA:18,0
DA:21,0
DA:24,0
DA:26,0
DA:31,11
LF:7
LH:1
BRDA:17,0,0,0
BRDA:17,0,1,0
BRF:2
BRH:0
end_of_record
TN:
SF:src\app\api\fn\category\category-getall.ts
FN:15,categoryGetall
FN:24,(anonymous_1)
FN:25,(anonymous_2)
FNF:3
FNH:0
FNDA:0,categoryGetall
FNDA:0,(anonymous_1)
FNDA:0,(anonymous_2)
DA:16,0
DA:17,0
DA:18,0
DA:21,0
DA:24,0
DA:26,0
DA:31,11
LF:7
LH:1
BRDA:17,0,0,0
BRDA:17,0,1,0
BRF:2
BRH:0
end_of_record
TN:
SF:src\app\api\fn\category\category-insert.ts
FN:18,categoryInsert
FN:27,(anonymous_1)
FN:28,(anonymous_2)
FNF:3
FNH:0
FNDA:0,categoryInsert
FNDA:0,(anonymous_1)
FNDA:0,(anonymous_2)
DA:19,0
DA:20,0
DA:21,0
DA:24,0
DA:27,0
DA:29,0
DA:34,11
LF:7
LH:1
BRDA:20,0,0,0
BRDA:20,0,1,0
BRF:2
BRH:0
end_of_record
TN:
SF:src\app\api\fn\category\category-status.ts
FN:16,categoryStatus
FN:26,(anonymous_1)
FN:27,(anonymous_2)
FNF:3
FNH:0
FNDA:0,categoryStatus
FNDA:0,(anonymous_1)
FNDA:0,(anonymous_2)
DA:17,0
DA:18,0
DA:19,0
DA:20,0
DA:23,0
DA:26,0
DA:28,0
DA:33,11
LF:8
LH:1
BRDA:18,0,0,0
BRDA:18,0,1,0
BRF:2
BRH:0
end_of_record
TN:
SF:src\app\api\fn\customer\customer-getall.ts
FN:15,customerGetall
FN:24,(anonymous_1)
FN:25,(anonymous_2)
FNF:3
FNH:0
FNDA:0,customerGetall
FNDA:0,(anonymous_1)
FNDA:0,(anonymous_2)
DA:16,0
DA:17,0
DA:18,0
DA:21,0
DA:24,0
DA:26,0
DA:31,11
LF:7
LH:1
BRDA:17,0,0,0
BRDA:17,0,1,0
BRF:2
BRH:0
end_of_record
TN:
SF:src\app\api\fn\customer\customer-insert.ts
FN:19,customerInsert
FN:28,(anonymous_1)
FN:29,(anonymous_2)
FNF:3
FNH:0
FNDA:0,customerInsert
FNDA:0,(anonymous_1)
FNDA:0,(anonymous_2)
DA:20,0
DA:21,0
DA:22,0
DA:25,0
DA:28,0
DA:30,0
DA:35,11
LF:7
LH:1
BRDA:21,0,0,0
BRDA:21,0,1,0
BRF:2
BRH:0
end_of_record
TN:
SF:src\app\api\fn\customer\customer-report-frequent.ts
FN:14,customerReportFrequent
FN:22,(anonymous_1)
FN:23,(anonymous_2)
FNF:3
FNH:0
FNDA:0,customerReportFrequent
FNDA:0,(anonymous_1)
FNDA:0,(anonymous_2)
DA:15,0
DA:16,0
DA:19,0
DA:22,0
DA:24,0
DA:29,11
LF:6
LH:1
BRDA:16,0,0,0
BRDA:16,0,1,0
BRF:2
BRH:0
end_of_record
TN:
SF:src\app\api\fn\inventory\inventory-getall.ts
FN:15,inventoryGetall
FN:24,(anonymous_1)
FN:25,(anonymous_2)
FNF:3
FNH:0
FNDA:0,inventoryGetall
FNDA:0,(anonymous_1)
FNDA:0,(anonymous_2)
DA:16,0
DA:17,0
DA:18,0
DA:21,0
DA:24,0
DA:26,0
DA:31,11
LF:7
LH:1
BRDA:17,0,0,0
BRDA:17,0,1,0
BRF:2
BRH:0
end_of_record
TN:
SF:src\app\api\fn\inventory\inventory-report-expiring.ts
FN:14,inventoryReportExpiring
FN:22,(anonymous_1)
FN:23,(anonymous_2)
FNF:3
FNH:0
FNDA:0,inventoryReportExpiring
FNDA:0,(anonymous_1)
FNDA:0,(anonymous_2)
DA:15,0
DA:16,0
DA:19,0
DA:22,0
DA:24,0
DA:29,11
LF:6
LH:1
BRDA:16,0,0,0
BRDA:16,0,1,0
BRF:2
BRH:0
end_of_record
TN:
SF:src\app\api\fn\inventory\inventory-report-lowstock.ts
FN:14,inventoryReportLowstock
FN:22,(anonymous_1)
FN:23,(anonymous_2)
FNF:3
FNH:0
FNDA:0,inventoryReportLowstock
FNDA:0,(anonymous_1)
FNDA:0,(anonymous_2)
DA:15,0
DA:16,0
DA:19,0
DA:22,0
DA:24,0
DA:29,11
LF:6
LH:1
BRDA:16,0,0,0
BRDA:16,0,1,0
BRF:2
BRH:0
end_of_record
TN:
SF:src\app\api\fn\inventory\inventory-report-movements.ts
FN:16,inventoryReportMovements
FN:26,(anonymous_1)
FN:27,(anonymous_2)
FNF:3
FNH:0
FNDA:0,inventoryReportMovements
FNDA:0,(anonymous_1)
FNDA:0,(anonymous_2)
DA:17,0
DA:18,0
DA:19,0
DA:20,0
DA:23,0
DA:26,0
DA:28,0
DA:33,11
LF:8
LH:1
BRDA:18,0,0,0
BRDA:18,0,1,0
BRF:2
BRH:0
end_of_record
TN:
SF:src\app\api\fn\laboratory\laboratory-detail.ts
FN:15,laboratoryDetail
FN:24,(anonymous_1)
FN:25,(anonymous_2)
FNF:3
FNH:0
FNDA:0,laboratoryDetail
FNDA:0,(anonymous_1)
FNDA:0,(anonymous_2)
DA:16,0
DA:17,0
DA:18,0
DA:21,0
DA:24,0
DA:26,0
DA:31,11
LF:7
LH:1
BRDA:17,0,0,0
BRDA:17,0,1,0
BRF:2
BRH:0
end_of_record
TN:
SF:src\app\api\fn\laboratory\laboratory-getall.ts
FN:15,laboratoryGetall
FN:24,(anonymous_1)
FN:25,(anonymous_2)
FNF:3
FNH:0
FNDA:0,laboratoryGetall
FNDA:0,(anonymous_1)
FNDA:0,(anonymous_2)
DA:16,0
DA:17,0
DA:18,0
DA:21,0
DA:24,0
DA:26,0
DA:31,11
LF:7
LH:1
BRDA:17,0,0,0
BRDA:17,0,1,0
BRF:2
BRH:0
end_of_record
TN:
SF:src\app\api\fn\laboratory\laboratory-insert.ts
FN:18,laboratoryInsert
FN:27,(anonymous_1)
FN:28,(anonymous_2)
FNF:3
FNH:0
FNDA:0,laboratoryInsert
FNDA:0,(anonymous_1)
FNDA:0,(anonymous_2)
DA:19,0
DA:20,0
DA:21,0
DA:24,0
DA:27,0
DA:29,0
DA:34,11
LF:7
LH:1
BRDA:20,0,0,0
BRDA:20,0,1,0
BRF:2
BRH:0
end_of_record
TN:
SF:src\app\api\fn\laboratory\laboratory-status.ts
FN:16,laboratoryStatus
FN:26,(anonymous_1)
FN:27,(anonymous_2)
FNF:3
FNH:0
FNDA:0,laboratoryStatus
FNDA:0,(anonymous_1)
FNDA:0,(anonymous_2)
DA:17,0
DA:18,0
DA:19,0
DA:20,0
DA:23,0
DA:26,0
DA:28,0
DA:33,11
LF:8
LH:1
BRDA:18,0,0,0
BRDA:18,0,1,0
BRF:2
BRH:0
end_of_record
TN:
SF:src\app\api\fn\login\auth.ts
FN:18,auth
FN:27,(anonymous_1)
FN:28,(anonymous_2)
FNF:3
FNH:0
FNDA:0,auth
FNDA:0,(anonymous_1)
FNDA:0,(anonymous_2)
DA:19,0
DA:20,0
DA:21,0
DA:24,0
DA:27,0
DA:29,0
DA:34,11
LF:7
LH:1
BRDA:20,0,0,0
BRDA:20,0,1,0
BRF:2
BRH:0
end_of_record
TN:
SF:src\app\api\fn\login\refresh.ts
FN:17,refresh
FN:26,(anonymous_1)
FN:27,(anonymous_2)
FNF:3
FNH:0
FNDA:0,refresh
FNDA:0,(anonymous_1)
FNDA:0,(anonymous_2)
DA:18,0
DA:19,0
DA:20,0
DA:23,0
DA:26,0
DA:28,0
DA:33,11
LF:7
LH:1
BRDA:19,0,0,0
BRDA:19,0,1,0
BRF:2
BRH:0
end_of_record
TN:
SF:src\app\api\fn\lot\lot-byproduct.ts
FN:16,lotByproduct
FN:26,(anonymous_1)
FN:27,(anonymous_2)
FNF:3
FNH:0
FNDA:0,lotByproduct
FNDA:0,(anonymous_1)
FNDA:0,(anonymous_2)
DA:17,0
DA:18,0
DA:19,0
DA:20,0
DA:23,0
DA:26,0
DA:28,0
DA:33,11
LF:8
LH:1
BRDA:18,0,0,0
BRDA:18,0,1,0
BRF:2
BRH:0
end_of_record
TN:
SF:src\app\api\fn\lot\lot-getall.ts
FN:15,lotGetall
FN:24,(anonymous_1)
FN:25,(anonymous_2)
FNF:3
FNH:0
FNDA:0,lotGetall
FNDA:0,(anonymous_1)
FNDA:0,(anonymous_2)
DA:16,0
DA:17,0
DA:18,0
DA:21,0
DA:24,0
DA:26,0
DA:31,11
LF:7
LH:1
BRDA:17,0,0,0
BRDA:17,0,1,0
BRF:2
BRH:0
end_of_record
TN:
SF:src\app\api\fn\movement\kardex-product.ts
FN:15,kardexProduct
FN:24,(anonymous_1)
FN:25,(anonymous_2)
FNF:3
FNH:0
FNDA:0,kardexProduct
FNDA:0,(anonymous_1)
FNDA:0,(anonymous_2)
DA:16,0
DA:17,0
DA:18,0
DA:21,0
DA:24,0
DA:26,0
DA:31,11
LF:7
LH:1
BRDA:17,0,0,0
BRDA:17,0,1,0
BRF:2
BRH:0
end_of_record
TN:
SF:src\app\api\fn\movement\movement-create.ts
FN:27,movementCreate
FN:36,(anonymous_1)
FN:37,(anonymous_2)
FNF:3
FNH:0
FNDA:0,movementCreate
FNDA:0,(anonymous_1)
FNDA:0,(anonymous_2)
DA:28,0
DA:29,0
DA:30,0
DA:33,0
DA:36,0
DA:38,0
DA:43,11
LF:7
LH:1
BRDA:29,0,0,0
BRDA:29,0,1,0
BRF:2
BRH:0
end_of_record
TN:
SF:src\app\api\fn\movement\movement-detail.ts
FN:15,movementDetail
FN:24,(anonymous_1)
FN:25,(anonymous_2)
FNF:3
FNH:0
FNDA:0,movementDetail
FNDA:0,(anonymous_1)
FNDA:0,(anonymous_2)
DA:16,0
DA:17,0
DA:18,0
DA:21,0
DA:24,0
DA:26,0
DA:31,11
LF:7
LH:1
BRDA:17,0,0,0
BRDA:17,0,1,0
BRF:2
BRH:0
end_of_record
TN:
SF:src\app\api\fn\movement\movement-getall.ts
FN:14,movementGetall
FN:22,(anonymous_1)
FN:23,(anonymous_2)
FNF:3
FNH:0
FNDA:0,movementGetall
FNDA:0,(anonymous_1)
FNDA:0,(anonymous_2)
DA:15,0
DA:16,0
DA:19,0
DA:22,0
DA:24,0
DA:29,11
LF:6
LH:1
BRDA:16,0,0,0
BRDA:16,0,1,0
BRF:2
BRH:0
end_of_record
TN:
SF:src\app\api\fn\movement\product-search.ts
FN:16,productSearch
FN:26,(anonymous_1)
FN:27,(anonymous_2)
FNF:3
FNH:0
FNDA:0,productSearch
FNDA:0,(anonymous_1)
FNDA:0,(anonymous_2)
DA:17,0
DA:18,0
DA:19,0
DA:20,0
DA:23,0
DA:26,0
DA:28,0
DA:33,11
LF:8
LH:1
BRDA:18,0,0,0
BRDA:18,0,1,0
BRF:2
BRH:0
end_of_record
TN:
SF:src\app\api\fn\product\product-alert-stock.ts
FN:14,productAlertStock
FN:22,(anonymous_1)
FN:23,(anonymous_2)
FNF:3
FNH:0
FNDA:0,productAlertStock
FNDA:0,(anonymous_1)
FNDA:0,(anonymous_2)
DA:15,0
DA:16,0
DA:19,0
DA:22,0
DA:24,0
DA:29,11
LF:6
LH:1
BRDA:16,0,0,0
BRDA:16,0,1,0
BRF:2
BRH:0
end_of_record
TN:
SF:src\app\api\fn\product\product-getall.ts
FN:15,productGetall
FN:24,(anonymous_1)
FN:25,(anonymous_2)
FNF:3
FNH:0
FNDA:0,productGetall
FNDA:0,(anonymous_1)
FNDA:0,(anonymous_2)
DA:16,0
DA:17,0
DA:18,0
DA:21,0
DA:24,0
DA:26,0
DA:31,11
LF:7
LH:1
BRDA:17,0,0,0
BRDA:17,0,1,0
BRF:2
BRH:0
end_of_record
TN:
SF:src\app\api\fn\product\product-insert.ts
FN:27,productInsert
FN:36,(anonymous_1)
FN:37,(anonymous_2)
FNF:3
FNH:0
FNDA:0,productInsert
FNDA:0,(anonymous_1)
FNDA:0,(anonymous_2)
DA:28,0
DA:29,0
DA:30,0
DA:33,0
DA:36,0
DA:38,0
DA:43,11
LF:7
LH:1
BRDA:29,0,0,0
BRDA:29,0,1,0
BRF:2
BRH:0
end_of_record
TN:
SF:src\app\api\fn\purchase\purchase-getall.ts
FN:14,purchaseGetall
FN:22,(anonymous_1)
FN:23,(anonymous_2)
FNF:3
FNH:0
FNDA:0,purchaseGetall
FNDA:0,(anonymous_1)
FNDA:0,(anonymous_2)
DA:15,0
DA:16,0
DA:19,0
DA:22,0
DA:24,0
DA:29,11
LF:6
LH:1
BRDA:16,0,0,0
BRDA:16,0,1,0
BRF:2
BRH:0
end_of_record
TN:
SF:src\app\api\fn\purchase\purchase-recent.ts
FN:15,purchaseRecent
FN:24,(anonymous_1)
FN:25,(anonymous_2)
FNF:3
FNH:0
FNDA:0,purchaseRecent
FNDA:0,(anonymous_1)
FNDA:0,(anonymous_2)
DA:16,0
DA:17,0
DA:18,0
DA:21,0
DA:24,0
DA:26,0
DA:31,11
LF:7
LH:1
BRDA:17,0,0,0
BRDA:17,0,1,0
BRF:2
BRH:0
end_of_record
TN:
SF:src\app\api\fn\purchase\purchase-report-bysupplier.ts
FN:16,purchaseReportBysupplier
FN:26,(anonymous_1)
FN:27,(anonymous_2)
FNF:3
FNH:0
FNDA:0,purchaseReportBysupplier
FNDA:0,(anonymous_1)
FNDA:0,(anonymous_2)
DA:17,0
DA:18,0
DA:19,0
DA:20,0
DA:23,0
DA:26,0
DA:28,0
DA:33,11
LF:8
LH:1
BRDA:18,0,0,0
BRDA:18,0,1,0
BRF:2
BRH:0
end_of_record
TN:
SF:src\app\api\fn\purchase\purchase-report.ts
FN:16,purchaseReport
FN:26,(anonymous_1)
FN:27,(anonymous_2)
FNF:3
FNH:0
FNDA:0,purchaseReport
FNDA:0,(anonymous_1)
FNDA:0,(anonymous_2)
DA:17,0
DA:18,0
DA:19,0
DA:20,0
DA:23,0
DA:26,0
DA:28,0
DA:33,11
LF:8
LH:1
BRDA:18,0,0,0
BRDA:18,0,1,0
BRF:2
BRH:0
end_of_record
TN:
SF:src\app\api\fn\sale\sale-getall.ts
FN:14,saleGetall
FN:22,(anonymous_1)
FN:23,(anonymous_2)
FNF:3
FNH:0
FNDA:0,saleGetall
FNDA:0,(anonymous_1)
FNDA:0,(anonymous_2)
DA:15,0
DA:16,0
DA:19,0
DA:22,0
DA:24,0
DA:29,11
LF:6
LH:1
BRDA:16,0,0,0
BRDA:16,0,1,0
BRF:2
BRH:0
end_of_record
TN:
SF:src\app\api\fn\sale\sale-insert.ts
FN:26,saleInsert
FN:35,(anonymous_1)
FN:36,(anonymous_2)
FNF:3
FNH:0
FNDA:0,saleInsert
FNDA:0,(anonymous_1)
FNDA:0,(anonymous_2)
DA:27,0
DA:28,0
DA:29,0
DA:32,0
DA:35,0
DA:37,0
DA:42,11
LF:7
LH:1
BRDA:28,0,0,0
BRDA:28,0,1,0
BRF:2
BRH:0
end_of_record
TN:
SF:src\app\api\fn\sale\sale-kpi.ts
FN:14,saleKpi
FN:22,(anonymous_1)
FN:23,(anonymous_2)
FNF:3
FNH:0
FNDA:0,saleKpi
FNDA:0,(anonymous_1)
FNDA:0,(anonymous_2)
DA:15,0
DA:16,0
DA:19,0
DA:22,0
DA:24,0
DA:29,11
LF:6
LH:1
BRDA:16,0,0,0
BRDA:16,0,1,0
BRF:2
BRH:0
end_of_record
TN:
SF:src\app\api\fn\sale\sale-recent.ts
FN:15,saleRecent
FN:24,(anonymous_1)
FN:25,(anonymous_2)
FNF:3
FNH:0
FNDA:0,saleRecent
FNDA:0,(anonymous_1)
FNDA:0,(anonymous_2)
DA:16,0
DA:17,0
DA:18,0
DA:21,0
DA:24,0
DA:26,0
DA:31,11
LF:7
LH:1
BRDA:17,0,0,0
BRDA:17,0,1,0
BRF:2
BRH:0
end_of_record
TN:
SF:src\app\api\fn\sale\sale-report-byproduct.ts
FN:16,saleReportByproduct
FN:26,(anonymous_1)
FN:27,(anonymous_2)
FNF:3
FNH:0
FNDA:0,saleReportByproduct
FNDA:0,(anonymous_1)
FNDA:0,(anonymous_2)
DA:17,0
DA:18,0
DA:19,0
DA:20,0
DA:23,0
DA:26,0
DA:28,0
DA:33,11
LF:8
LH:1
BRDA:18,0,0,0
BRDA:18,0,1,0
BRF:2
BRH:0
end_of_record
TN:
SF:src\app\api\fn\sale\sale-report-byuser.ts
FN:16,saleReportByuser
FN:26,(anonymous_1)
FN:27,(anonymous_2)
FNF:3
FNH:0
FNDA:0,saleReportByuser
FNDA:0,(anonymous_1)
FNDA:0,(anonymous_2)
DA:17,0
DA:18,0
DA:19,0
DA:20,0
DA:23,0
DA:26,0
DA:28,0
DA:33,11
LF:8
LH:1
BRDA:18,0,0,0
BRDA:18,0,1,0
BRF:2
BRH:0
end_of_record
TN:
SF:src\app\api\fn\sale\sale-report.ts
FN:16,saleReport
FN:26,(anonymous_1)
FN:27,(anonymous_2)
FNF:3
FNH:0
FNDA:0,saleReport
FNDA:0,(anonymous_1)
FNDA:0,(anonymous_2)
DA:17,0
DA:18,0
DA:19,0
DA:20,0
DA:23,0
DA:26,0
DA:28,0
DA:33,11
LF:8
LH:1
BRDA:18,0,0,0
BRDA:18,0,1,0
BRF:2
BRH:0
end_of_record
TN:
SF:src\app\api\fn\sale\sale-top-product.ts
FN:15,saleTopProduct
FN:24,(anonymous_1)
FN:25,(anonymous_2)
FNF:3
FNH:0
FNDA:0,saleTopProduct
FNDA:0,(anonymous_1)
FNDA:0,(anonymous_2)
DA:16,0
DA:17,0
DA:18,0
DA:21,0
DA:24,0
DA:26,0
DA:31,11
LF:7
LH:1
BRDA:17,0,0,0
BRDA:17,0,1,0
BRF:2
BRH:0
end_of_record
TN:
SF:src\app\api\fn\sale\sale-week.ts
FN:14,saleWeek
FN:22,(anonymous_1)
FN:23,(anonymous_2)
FNF:3
FNH:0
FNDA:0,saleWeek
FNDA:0,(anonymous_1)
FNDA:0,(anonymous_2)
DA:15,0
DA:16,0
DA:19,0
DA:22,0
DA:24,0
DA:29,11
LF:6
LH:1
BRDA:16,0,0,0
BRDA:16,0,1,0
BRF:2
BRH:0
end_of_record
TN:
SF:src\app\api\fn\supplier\supplier-getall.ts
FN:15,supplierGetall
FN:24,(anonymous_1)
FN:25,(anonymous_2)
FNF:3
FNH:0
FNDA:0,supplierGetall
FNDA:0,(anonymous_1)
FNDA:0,(anonymous_2)
DA:16,0
DA:17,0
DA:18,0
DA:21,0
DA:24,0
DA:26,0
DA:31,11
LF:7
LH:1
BRDA:17,0,0,0
BRDA:17,0,1,0
BRF:2
BRH:0
end_of_record
TN:
SF:src\app\api\fn\supplier\supplier-insert.ts
FN:21,supplierInsert
FN:30,(anonymous_1)
FN:31,(anonymous_2)
FNF:3
FNH:0
FNDA:0,supplierInsert
FNDA:0,(anonymous_1)
FNDA:0,(anonymous_2)
DA:22,0
DA:23,0
DA:24,0
DA:27,0
DA:30,0
DA:32,0
DA:37,11
LF:7
LH:1
BRDA:23,0,0,0
BRDA:23,0,1,0
BRF:2
BRH:0
end_of_record
TN:
SF:src\app\api\fn\supplier\supplier-status.ts
FN:16,supplierStatus
FN:26,(anonymous_1)
FN:27,(anonymous_2)
FNF:3
FNH:0
FNDA:0,supplierStatus
FNDA:0,(anonymous_1)
FNDA:0,(anonymous_2)
DA:17,0
DA:18,0
DA:19,0
DA:20,0
DA:23,0
DA:26,0
DA:28,0
DA:33,11
LF:8
LH:1
BRDA:18,0,0,0
BRDA:18,0,1,0
BRF:2
BRH:0
end_of_record
TN:
SF:src\app\api\fn\supplier\supplier-update.ts
FN:22,supplierUpdate
FN:31,(anonymous_1)
FN:32,(anonymous_2)
FNF:3
FNH:0
FNDA:0,supplierUpdate
FNDA:0,(anonymous_1)
FNDA:0,(anonymous_2)
DA:23,0
DA:24,0
DA:25,0
DA:28,0
DA:31,0
DA:33,0
DA:38,11
LF:7
LH:1
BRDA:24,0,0,0
BRDA:24,0,1,0
BRF:2
BRH:0
end_of_record
TN:
SF:src\app\api\fn\user\reniec-consultar-dni.ts
FN:14,reniecConsultarDni
FN:22,(anonymous_1)
FN:23,(anonymous_2)
FNF:3
FNH:0
FNDA:0,reniecConsultarDni
FNDA:0,(anonymous_1)
FNDA:0,(anonymous_2)
DA:15,0
DA:16,0
DA:19,0
DA:22,0
DA:24,0
DA:29,11
LF:6
LH:1
BRDA:16,0,0,0
BRDA:16,0,1,0
BRF:2
BRH:0
end_of_record
TN:
SF:src\app\api\fn\user\user-getall.ts
FN:15,userGetall
FN:24,(anonymous_1)
FN:25,(anonymous_2)
FNF:3
FNH:0
FNDA:0,userGetall
FNDA:0,(anonymous_1)
FNDA:0,(anonymous_2)
DA:16,0
DA:17,0
DA:18,0
DA:21,0
DA:24,0
DA:26,0
DA:31,11
LF:7
LH:1
BRDA:17,0,0,0
BRDA:17,0,1,0
BRF:2
BRH:0
end_of_record
TN:
SF:src\app\api\fn\user\user-insert.ts
FN:24,userInsert
FN:33,(anonymous_1)
FN:34,(anonymous_2)
FNF:3
FNH:0
FNDA:0,userInsert
FNDA:0,(anonymous_1)
FNDA:0,(anonymous_2)
DA:25,0
DA:26,0
DA:27,0
DA:30,0
DA:33,0
DA:35,0
DA:40,11
LF:7
LH:1
BRDA:26,0,0,0
BRDA:26,0,1,0
BRF:2
BRH:0
end_of_record
TN:
SF:src\app\api\fn\user\user-status.ts
FN:17,userStatus
FN:28,(anonymous_1)
FN:29,(anonymous_2)
FNF:3
FNH:0
FNDA:0,userStatus
FNDA:0,(anonymous_1)
FNDA:0,(anonymous_2)
DA:18,0
DA:19,0
DA:20,0
DA:21,0
DA:22,0
DA:25,0
DA:28,0
DA:30,0
DA:35,11
LF:9
LH:1
BRDA:19,0,0,0
BRDA:19,0,1,0
BRF:2
BRH:0
end_of_record
TN:
SF:src\app\api\fn\user\user-update-password.ts
FN:18,userUpdatePassword
FN:27,(anonymous_1)
FN:28,(anonymous_2)
FNF:3
FNH:0
FNDA:0,userUpdatePassword
FNDA:0,(anonymous_1)
FNDA:0,(anonymous_2)
DA:19,0
DA:20,0
DA:21,0
DA:24,0
DA:27,0
DA:29,0
DA:34,11
LF:7
LH:1
BRDA:20,0,0,0
BRDA:20,0,1,0
BRF:2
BRH:0
end_of_record
TN:
SF:src\app\api\fn\user\user-update-profile.ts
FN:22,userUpdateProfile
FN:31,(anonymous_1)
FN:32,(anonymous_2)
FNF:3
FNH:0
FNDA:0,userUpdateProfile
FNDA:0,(anonymous_1)
FNDA:0,(anonymous_2)
DA:23,0
DA:24,0
DA:25,0
DA:28,0
DA:31,0
DA:33,0
DA:38,11
LF:7
LH:1
BRDA:24,0,0,0
BRDA:24,0,1,0
BRF:2
BRH:0
end_of_record
TN:
SF:src\app\core\interceptor\auth.interceptor.ts
FN:6,(anonymous_0)
FN:15,(anonymous_1)
FN:19,(anonymous_2)
FNF:3
FNH:3
FNDA:4,(anonymous_0)
FNDA:2,(anonymous_1)
FNDA:2,(anonymous_2)
DA:6,1
DA:7,4
DA:8,4
DA:10,4
DA:14,4
DA:16,2
DA:17,2
DA:19,2
LF:8
LH:8
BRDA:10,0,0,3
BRDA:10,0,1,1
BRDA:16,1,0,2
BRDA:16,1,1,0
BRDA:16,2,0,2
BRDA:16,2,1,1
BRF:6
BRH:5
end_of_record
TN:
SF:src\app\environments\environments.ts
FNF:0
FNH:0
DA:1,3
LF:1
LH:1
BRF:0
BRH:0
end_of_record
TN:
SF:src\app\features\pages\category\category-detail\category-detail.html
FN:26,CategoryDetail_Conditional_8_Template_input_change_4_listener
FN:47,CategoryDetail_Conditional_11_Template_input_ngModelChange_5_listener
FN:105,CategoryDetail_Conditional_48_Template_button_click_0_listener
FN:111,CategoryDetail_Conditional_48_Template_button_click_4_listener
FN:117,CategoryDetail_Conditional_49_Template_button_click_0_listener
FN:123,CategoryDetail_Conditional_49_Template_button_click_4_listener
FNF:6
FNH:0
FNDA:0,CategoryDetail_Conditional_8_Template_input_change_4_listener
FNDA:0,CategoryDetail_Conditional_11_Template_input_ngModelChange_5_listener
FNDA:0,CategoryDetail_Conditional_48_Template_button_click_0_listener
FNDA:0,CategoryDetail_Conditional_48_Template_button_click_4_listener
FNDA:0,CategoryDetail_Conditional_49_Template_button_click_0_listener
FNDA:0,CategoryDetail_Conditional_49_Template_button_click_4_listener
DA:1,11
DA:9,14
DA:10,0
DA:12,0
DA:15,3
DA:17,11
DA:19,14
DA:20,0
DA:22,0
DA:23,0
DA:25,0
DA:26,0
DA:28,11
DA:30,11
DA:31,14
DA:32,3
DA:34,14
DA:35,3
DA:36,3
DA:37,14
DA:40,3
DA:43,0
DA:45,0
DA:47,0
DA:53,11
DA:54,14
DA:55,11
DA:59,11
DA:60,11
DA:63,11
DA:64,11
DA:65,11
DA:66,14
DA:67,11
DA:70,11
DA:72,11
DA:73,11
DA:74,11
DA:75,14
DA:76,11
DA:80,11
DA:81,11
DA:84,11
DA:85,11
DA:86,11
DA:87,14
DA:88,11
DA:91,11
DA:93,11
DA:94,11
DA:95,11
DA:96,14
DA:97,11
DA:101,11
DA:103,11
DA:104,14
DA:105,3
DA:107,3
DA:108,3
DA:111,3
DA:113,3
DA:114,3
DA:117,0
DA:119,0
DA:120,0
DA:123,0
DA:125,0
DA:126,0
DA:129,11
LF:69
LH:53
BRDA:12,0,0,0
BRDA:12,0,1,0
BRDA:12,1,0,0
BRDA:12,1,1,0
BRDA:34,2,0,28
BRDA:34,2,1,14
BRDA:37,3,0,14
BRDA:37,3,1,0
BRDA:37,4,0,14
BRDA:37,4,1,14
BRDA:9,5,0,14
BRDA:9,5,1,28
BRDA:19,6,0,0
BRDA:19,6,1,14
BRDA:31,7,0,14
BRDA:31,7,1,0
BRDA:54,8,0,14
BRDA:54,8,1,0
BRDA:66,9,0,28
BRDA:66,9,1,14
BRDA:75,10,0,28
BRDA:75,10,1,14
BRDA:87,11,0,14
BRDA:87,11,1,14
BRDA:96,12,0,14
BRDA:96,12,1,14
BRDA:104,13,0,14
BRDA:104,13,1,0
BRF:28
BRH:19
end_of_record
TN:
SF:src\app\features\pages\category\category-detail\category-detail.ts
FN:32,closeDialog
FN:36,activarEdicion
FN:43,cancelarEdicion
FN:49,onFileSelected
FN:56,(anonymous_4)
FN:61,guardarCambios
FN:20,template
FNF:7
FNH:7
FNDA:1,closeDialog
FNDA:2,activarEdicion
FNDA:1,cancelarEdicion
FNDA:1,onFileSelected
FNDA:1,(anonymous_4)
FNDA:1,guardarCambios
FNDA:2,template
DA:20,25
DA:21,11
DA:23,11
DA:24,11
DA:26,11
DA:28,11
DA:29,11
DA:30,11
DA:33,1
DA:37,2
DA:38,2
DA:39,2
DA:40,2
DA:44,1
DA:45,1
DA:46,1
DA:50,1
DA:51,1
DA:52,1
DA:53,1
DA:55,1
DA:56,1
DA:57,1
DA:62,1
DA:68,1
DA:69,1
LF:26
LH:26
BRDA:21,0,0,11
BRDA:26,1,0,11
BRDA:28,2,0,11
BRDA:29,3,0,11
BRDA:30,4,0,11
BRDA:37,5,0,2
BRDA:37,5,1,0
BRDA:51,6,0,1
BRDA:51,6,1,0
BRDA:51,7,0,1
BRDA:51,7,1,1
BRDA:20,8,0,11
BRDA:20,8,1,11
BRDA:20,9,0,11
BRDA:20,9,1,14
BRDA:20,10,0,2
BRDA:20,10,1,2
BRDA:20,10,2,2
BRDA:20,11,0,2
BRDA:20,11,1,2
BRDA:20,11,2,2
BRF:21
BRH:19
end_of_record
TN:
SF:src\app\features\pages\category\category-getall\category-getall.html
FN:127,CategoryGetall_ng_template_50_Template_button_click_0_listener
FN:160,CategoryGetall_ng_template_56_Template_button_click_0_listener
FN:82,CategoryGetall_Template_app_category_sidebar_busquedaChange_43_listener
FN:82,CategoryGetall_Template_app_category_sidebar_estadoChange_43_listener
FN:82,CategoryGetall_Template_app_category_sidebar_crearCategoria_43_listener
FN:88,CategoryGetall_Template_app_category_table_crearCategoria_45_listener
FN:88,CategoryGetall_Template_app_category_table_onEdit_45_listener
FN:88,CategoryGetall_Template_app_category_table_onToggleStatus_45_listener
FN:103,CategoryGetall_Template_p_dialog_visibleChange_47_listener
FN:103,CategoryGetall_Template_p_dialog_onHide_47_listener
FN:132,CategoryGetall_Template_app_category_insert_cerrarDialog_52_listener
FN:132,CategoryGetall_Template_app_category_insert_categoriaRegistrada_52_listener
FN:137,CategoryGetall_Template_p_dialog_visibleChange_53_listener
FN:165,CategoryGetall_Template_app_category_detail_onClose_58_listener
FN:165,CategoryGetall_Template_app_category_detail_onEditar_58_listener
FNF:15
FNH:0
FNDA:0,CategoryGetall_ng_template_50_Template_button_click_0_listener
FNDA:0,CategoryGetall_ng_template_56_Template_button_click_0_listener
FNDA:0,CategoryGetall_Template_app_category_sidebar_busquedaChange_43_listener
FNDA:0,CategoryGetall_Template_app_category_sidebar_estadoChange_43_listener
FNDA:0,CategoryGetall_Template_app_category_sidebar_crearCategoria_43_listener
FNDA:0,CategoryGetall_Template_app_category_table_crearCategoria_45_listener
FNDA:0,CategoryGetall_Template_app_category_table_onEdit_45_listener
FNDA:0,CategoryGetall_Template_app_category_table_onToggleStatus_45_listener
FNDA:0,CategoryGetall_Template_p_dialog_visibleChange_47_listener
FNDA:0,CategoryGetall_Template_p_dialog_onHide_47_listener
FNDA:0,CategoryGetall_Template_app_category_insert_cerrarDialog_52_listener
FNDA:0,CategoryGetall_Template_app_category_insert_categoriaRegistrada_52_listener
FNDA:0,CategoryGetall_Template_p_dialog_visibleChange_53_listener
FNDA:0,CategoryGetall_Template_app_category_detail_onClose_58_listener
FNDA:0,CategoryGetall_Template_app_category_detail_onEditar_58_listener
DA:1,4
DA:6,4
DA:16,4
DA:22,4
DA:25,4
DA:26,4
DA:27,4
DA:30,4
DA:31,4
DA:32,4
DA:34,4
DA:35,4
DA:37,4
DA:40,4
DA:46,4
DA:47,4
DA:48,4
DA:49,4
DA:50,4
DA:51,14
DA:52,4
DA:53,14
DA:54,4
DA:59,4
DA:63,4
DA:64,4
DA:65,4
DA:66,4
DA:67,4
DA:68,14
DA:69,4
DA:70,14
DA:79,4
DA:80,14
DA:82,4
DA:86,4
DA:87,14
DA:88,4
DA:101,4
DA:103,14
DA:104,14
DA:108,4
DA:109,0
DA:112,0
DA:113,0
DA:114,0
DA:115,0
DA:116,0
DA:117,0
DA:118,0
DA:119,0
DA:125,0
DA:127,0
DA:128,0
DA:129,0
DA:132,4
DA:137,14
DA:138,14
DA:141,4
DA:142,0
DA:145,0
DA:146,0
DA:147,0
DA:148,0
DA:149,0
DA:150,0
DA:151,0
DA:152,0
DA:158,0
DA:160,0
DA:161,0
DA:162,0
DA:165,14
LF:73
LH:47
BRDA:103,0,0,0
BRDA:103,0,1,0
BRDA:53,1,0,0
BRDA:53,1,1,14
BRF:4
BRH:1
end_of_record
TN:
SF:src\app\features\pages\category\category-getall\category-getall.ts
FN:45,(anonymous_0)
FN:50,(anonymous_1)
FN:51,(anonymous_2)
FN:56,(anonymous_3)
FN:57,(anonymous_4)
FN:57,(anonymous_5)
FN:58,(anonymous_6)
FN:58,(anonymous_7)
FN:60,ngOnInit
FN:64,initialization
FN:72,(anonymous_10)
FN:85,(anonymous_11)
FN:88,(anonymous_12)
FN:93,onBusquedaChange
FN:94,onEstadoChange
FN:96,onCrearCategoria
FN:100,onCategoriaRegistrada
FN:105,onEditar
FN:110,onCategoriaDetallada
FN:115,onToggleStatus
FN:119,(anonymous_20)
FN:141,(anonymous_21)
FN:27,viewQuery
FN:23,template
FN:31,(anonymous_24)
FNF:25
FNH:22
FNDA:9,(anonymous_0)
FNDA:2,(anonymous_1)
FNDA:2,(anonymous_2)
FNDA:7,(anonymous_3)
FNDA:7,(anonymous_4)
FNDA:14,(anonymous_5)
FNDA:7,(anonymous_6)
FNDA:14,(anonymous_7)
FNDA:6,ngOnInit
FNDA:7,initialization
FNDA:7,(anonymous_10)
FNDA:0,(anonymous_11)
FNDA:7,(anonymous_12)
FNDA:2,onBusquedaChange
FNDA:1,onEstadoChange
FNDA:1,onCrearCategoria
FNDA:1,onCategoriaRegistrada
FNDA:1,onEditar
FNDA:1,onCategoriaDetallada
FNDA:1,onToggleStatus
FNDA:1,(anonymous_20)
FNDA:0,(anonymous_21)
FNDA:1,viewQuery
FNDA:1,template
FNDA:0,(anonymous_24)
DA:23,18
DA:27,18
DA:28,4
DA:29,4
DA:31,4
DA:33,4
DA:34,4
DA:35,4
DA:36,4
DA:38,4
DA:39,4
DA:41,4
DA:42,4
DA:43,4
DA:45,4
DA:46,9
DA:47,9
DA:48,9
DA:50,9
DA:51,9
DA:53,9
DA:56,7
DA:57,14
DA:58,14
DA:61,6
DA:65,7
DA:66,7
DA:68,7
DA:73,7
DA:74,7
DA:75,7
DA:77,0
DA:80,7
DA:81,7
DA:82,7
DA:86,0
DA:89,7
DA:93,2
DA:94,1
DA:97,1
DA:101,1
DA:102,1
DA:106,1
DA:107,1
DA:111,1
DA:112,1
DA:116,1
DA:118,1
DA:120,1
DA:122,1
DA:123,1
DA:124,1
DA:126,1
DA:133,0
DA:142,0
LF:55
LH:51
BRDA:31,0,0,4
BRDA:33,1,0,4
BRDA:34,2,0,4
BRDA:35,3,0,4
BRDA:36,4,0,4
BRDA:38,5,0,4
BRDA:39,6,0,4
BRDA:41,7,0,4
BRDA:42,8,0,4
BRDA:43,9,0,4
BRDA:50,10,0,1
BRDA:50,10,1,8
BRDA:51,11,0,1
BRDA:51,11,1,8
BRDA:54,12,0,4
BRDA:56,13,0,4
BRDA:57,14,0,4
BRDA:58,15,0,4
BRDA:73,16,0,0
BRDA:73,16,1,7
BRDA:74,17,0,7
BRDA:74,17,1,0
BRDA:75,18,0,7
BRDA:75,18,1,0
BRDA:77,19,0,0
BRDA:77,19,1,0
BRDA:80,20,0,0
BRDA:80,20,1,7
BRDA:81,21,0,7
BRDA:81,21,1,0
BRDA:82,22,0,7
BRDA:82,22,1,0
BRDA:116,23,0,1
BRDA:116,23,1,0
BRDA:120,24,0,0
BRDA:120,24,1,1
BRDA:122,25,0,1
BRDA:122,25,1,0
BRDA:129,26,0,1
BRDA:129,26,1,0
BRDA:136,27,0,0
BRDA:136,27,1,0
BRDA:27,28,0,4
BRDA:27,28,1,4
BRDA:27,29,0,4
BRDA:27,29,1,14
BRDA:23,30,0,4
BRDA:23,30,1,14
BRDA:27,31,0,1
BRDA:27,31,1,1
BRDA:27,31,2,1
BRDA:27,32,0,1
BRDA:27,32,1,1
BRDA:27,32,2,1
BRF:54
BRH:40
end_of_record
TN:
SF:src\app\features\pages\category\category-insert\category-insert.html
FN:27,CategoryInsert_Template_input_change_16_listener
FN:40,CategoryInsert_Template_input_ngModelChange_25_listener
FN:72,CategoryInsert_Template_button_click_37_listener
FN:78,CategoryInsert_Template_button_click_41_listener
FNF:4
FNH:0
FNDA:0,CategoryInsert_Template_input_change_16_listener
FNDA:0,CategoryInsert_Template_input_ngModelChange_25_listener
FNDA:0,CategoryInsert_Template_button_click_37_listener
FNDA:0,CategoryInsert_Template_button_click_41_listener
DA:1,9
DA:8,17
DA:9,0
DA:11,3
DA:13,9
DA:15,9
DA:17,9
DA:19,9
DA:20,17
DA:23,9
DA:24,17
DA:26,9
DA:27,17
DA:33,9
DA:35,9
DA:38,9
DA:40,17
DA:44,17
DA:45,0
DA:46,0
DA:47,0
DA:49,9
DA:53,17
DA:54,0
DA:55,0
DA:56,0
DA:59,9
DA:62,9
DA:64,9
DA:65,9
DA:67,9
DA:68,17
DA:69,0
DA:71,9
DA:72,17
DA:74,9
DA:75,9
DA:78,17
DA:80,9
DA:81,17
LF:40
LH:32
BRDA:8,0,0,0
BRDA:8,0,1,17
BRDA:24,1,0,17
BRDA:24,1,1,17
BRDA:44,2,0,0
BRDA:44,2,1,17
BRDA:53,3,0,0
BRDA:53,3,1,17
BRDA:68,4,0,0
BRDA:68,4,1,17
BRDA:81,5,0,0
BRDA:81,5,1,17
BRF:12
BRH:7
end_of_record
TN:
SF:src\app\features\pages\category\category-insert\category-insert.ts
FN:36,onFileSelected
FN:42,(anonymous_1)
FN:46,cerrarModal
FN:51,resetForm
FN:60,onSubmit
FN:20,template
FNF:6
FNH:3
FNDA:0,onFileSelected
FNDA:0,(anonymous_1)
FNDA:0,cerrarModal
FNDA:1,resetForm
FNDA:4,onSubmit
FNDA:2,template
DA:20,26
DA:22,9
DA:23,9
DA:25,9
DA:26,9
DA:28,9
DA:29,9
DA:30,9
DA:31,9
DA:33,9
DA:34,9
DA:37,0
DA:38,0
DA:39,0
DA:40,0
DA:41,0
DA:42,0
DA:43,0
DA:47,0
DA:48,0
DA:52,1
DA:53,1
DA:54,1
DA:55,1
DA:56,1
DA:57,1
DA:61,4
DA:62,4
DA:64,4
DA:65,1
DA:66,1
DA:69,3
DA:71,3
DA:72,3
DA:79,2
DA:81,4
DA:83,1
DA:89,1
DA:90,1
DA:91,1
DA:93,1
DA:99,1
DA:101,0
DA:104,1
DA:106,3
LF:45
LH:35
BRDA:28,0,0,9
BRDA:29,1,0,9
BRDA:30,2,0,9
BRDA:31,3,0,9
BRDA:33,4,0,9
BRDA:34,5,0,9
BRDA:38,6,0,0
BRDA:38,6,1,0
BRDA:64,7,0,1
BRDA:64,7,1,3
BRDA:75,8,0,3
BRDA:75,8,1,2
BRDA:79,9,0,0
BRDA:79,9,1,2
BRDA:81,10,0,1
BRDA:81,10,1,1
BRDA:81,10,2,0
BRDA:86,11,0,1
BRDA:86,11,1,0
BRDA:96,12,0,1
BRDA:96,12,1,0
BRDA:101,13,0,0
BRDA:101,13,1,0
BRDA:20,14,0,9
BRDA:20,14,1,9
BRDA:20,15,0,9
BRDA:20,15,1,17
BRDA:20,16,0,2
BRDA:20,16,1,2
BRDA:20,16,2,2
BRDA:20,17,0,2
BRDA:20,17,1,2
BRDA:20,17,2,2
BRF:33
BRH:25
end_of_record
TN:
SF:src\app\features\pages\category\category-sidebar\category-sidebar.html
FN:13,CategorySidebar_Conditional_8_Template_button_click_0_listener
FN:40,CategorySidebar_Conditional_17_Template_button_click_0_listener
FN:67,CategorySidebar_For_29_Template_button_click_0_listener
FN:33,CategorySidebar_Template_input_input_16_listener
FN:53,CategorySidebar_Template_button_click_22_listener
FNF:5
FNH:0
FNDA:0,CategorySidebar_Conditional_8_Template_button_click_0_listener
FNDA:0,CategorySidebar_Conditional_17_Template_button_click_0_listener
FNDA:0,CategorySidebar_For_29_Template_button_click_0_listener
FNDA:0,CategorySidebar_Template_input_input_16_listener
FNDA:0,CategorySidebar_Template_button_click_22_listener
DA:1,7
DA:6,7
DA:7,7
DA:8,7
DA:9,7
DA:12,14
DA:13,0
DA:15,0
DA:16,0
DA:17,0
DA:19,7
DA:21,7
DA:23,7
DA:26,7
DA:28,7
DA:29,7
DA:30,14
DA:32,14
DA:33,7
DA:39,14
DA:40,0
DA:42,0
DA:43,0
DA:45,7
DA:48,7
DA:49,7
DA:50,7
DA:53,7
DA:55,14
DA:58,7
DA:59,7
DA:60,7
DA:61,14
DA:62,14
DA:63,7
DA:66,14
DA:67,6
DA:69,28
DA:72,28
DA:73,28
DA:74,6
DA:75,28
DA:76,28
DA:77,6
DA:81,7
LF:45
LH:38
BRDA:69,0,0,0
BRDA:69,0,1,28
BRDA:75,1,0,0
BRDA:75,1,1,28
BRDA:12,2,0,0
BRDA:12,2,1,14
BRDA:30,3,0,0
BRDA:30,3,1,14
BRDA:39,4,0,0
BRDA:39,4,1,14
BRDA:55,5,0,14
BRDA:55,5,1,0
BRDA:61,6,0,14
BRDA:61,6,1,0
BRF:14
BRH:7
end_of_record
TN:
SF:src\app\features\pages\category\category-sidebar\category-sidebar.ts
FN:23,(anonymous_0)
FN:24,(anonymous_1)
FN:27,(anonymous_2)
FN:29,onBusquedaInput
FN:33,onLimpiarBusqueda
FN:37,onLimpiarTodosLosFiltros
FN:11,template
FNF:7
FNH:7
FNDA:14,(anonymous_0)
FNDA:14,(anonymous_1)
FNDA:14,(anonymous_2)
FNDA:1,onBusquedaInput
FNDA:1,onLimpiarBusqueda
FNDA:1,onLimpiarTodosLosFiltros
FNDA:2,template
DA:11,21
DA:12,7
DA:13,7
DA:14,7
DA:15,7
DA:16,7
DA:18,7
DA:19,7
DA:20,7
DA:22,7
DA:23,14
DA:24,14
DA:27,14
DA:30,1
DA:34,1
DA:38,1
DA:39,1
LF:17
LH:17
BRDA:12,0,0,7
BRDA:13,1,0,7
BRDA:14,2,0,7
BRDA:15,3,0,7
BRDA:16,4,0,7
BRDA:27,5,0,14
BRDA:27,5,1,14
BRDA:11,6,0,7
BRDA:11,6,1,7
BRDA:11,7,0,7
BRDA:11,7,1,14
BRDA:11,8,0,2
BRDA:11,8,1,2
BRDA:11,8,2,2
BRDA:11,9,0,2
BRDA:11,9,1,2
BRDA:11,9,2,2
BRF:17
BRH:17
end_of_record
TN:
SF:src\app\features\pages\category\category-table\category-table.html
FN:51,(anonymous_0)
FN:125,CategoryTable_Conditional_25_For_2_Template_button_click_25_listener
FN:131,CategoryTable_Conditional_25_For_2_Template_button_click_29_listener
FN:154,CategoryTable_Conditional_25_Template_p_paginator_onPageChange_15_listener
FN:18,CategoryTable_Template_button_click_11_listener
FN:24,CategoryTable_Template_button_click_15_listener
FN:30,CategoryTable_Template_button_click_19_listener
FNF:7
FNH:1
FNDA:3,(anonymous_0)
FNDA:0,CategoryTable_Conditional_25_For_2_Template_button_click_25_listener
FNDA:0,CategoryTable_Conditional_25_For_2_Template_button_click_29_listener
FNDA:0,CategoryTable_Conditional_25_Template_p_paginator_onPageChange_15_listener
FNDA:0,CategoryTable_Template_button_click_11_listener
FNDA:0,CategoryTable_Template_button_click_15_listener
FNDA:0,CategoryTable_Template_button_click_19_listener
DA:1,10
DA:7,10
DA:8,10
DA:9,10
DA:10,10
DA:11,10
DA:12,14
DA:13,10
DA:17,10
DA:18,10
DA:20,10
DA:21,10
DA:24,10
DA:26,10
DA:27,10
DA:30,10
DA:32,10
DA:33,10
DA:38,14
DA:39,0
DA:41,0
DA:42,0
DA:43,0
DA:44,0
DA:49,14
DA:50,3
DA:51,12
DA:52,30
DA:54,3
DA:58,1
DA:61,2
DA:62,2
DA:69,2
DA:70,2
DA:71,4
DA:72,4
DA:73,2
DA:76,2
DA:77,4
DA:78,0
DA:80,0
DA:81,0
DA:84,2
DA:86,2
DA:87,2
DA:90,2
DA:93,2
DA:95,4
DA:96,0
DA:99,2
DA:100,2
DA:101,2
DA:104,2
DA:107,2
DA:113,2
DA:114,2
DA:115,2
DA:116,2
DA:117,4
DA:118,2
DA:119,4
DA:120,2
DA:124,2
DA:125,0
DA:127,2
DA:128,2
DA:131,2
DA:132,4
DA:135,2
DA:136,4
DA:137,2
DA:144,1
DA:146,1
DA:149,2
DA:150,2
DA:151,2
DA:152,1
DA:153,2
DA:154,0
DA:155,1
DA:160,0
DA:163,0
DA:164,0
DA:165,0
DA:166,0
DA:167,0
DA:171,10
LF:87
LH:70
BRDA:77,0,0,0
BRDA:77,0,1,8
BRDA:95,1,0,0
BRDA:95,1,1,4
BRDA:117,2,0,4
BRDA:117,2,1,4
BRDA:119,3,0,4
BRDA:119,3,1,8
BRDA:132,4,0,0
BRDA:132,4,1,8
BRDA:136,5,0,0
BRDA:136,5,1,8
BRDA:12,6,0,0
BRDA:12,6,1,14
BRDA:38,7,0,0
BRDA:38,7,1,14
BRDA:49,8,0,14
BRDA:49,8,1,2
BRF:18
BRH:12
end_of_record
TN:
SF:src\app\features\pages\category\category-table\category-table.ts
FN:33,(anonymous_0)
FN:39,(anonymous_1)
FN:43,(anonymous_2)
FN:48,(anonymous_3)
FN:53,onPageChange
FN:58,confirmarCambioEstado
FN:72,(anonymous_6)
FN:16,template
FNF:8
FNH:8
FNDA:3,(anonymous_0)
FNDA:1,(anonymous_1)
FNDA:3,(anonymous_2)
FNDA:3,(anonymous_3)
FNDA:1,onPageChange
FNDA:1,confirmarCambioEstado
FNDA:1,(anonymous_6)
FNDA:2,template
DA:16,24
DA:17,10
DA:19,10
DA:20,10
DA:21,10
DA:22,10
DA:24,10
DA:25,10
DA:26,10
DA:27,10
DA:28,10
DA:30,10
DA:31,10
DA:33,10
DA:34,3
DA:35,3
DA:36,3
DA:39,10
DA:40,1
DA:43,10
DA:44,3
DA:45,3
DA:48,10
DA:49,3
DA:50,3
DA:54,1
DA:55,1
DA:59,1
DA:60,1
DA:61,1
DA:63,1
DA:73,1
LF:32
LH:32
BRDA:19,0,0,10
BRDA:20,1,0,10
BRDA:21,2,0,10
BRDA:22,3,0,10
BRDA:30,4,0,10
BRDA:31,5,0,10
BRDA:37,6,0,10
BRDA:40,7,0,1
BRDA:40,7,1,0
BRDA:40,8,0,10
BRDA:44,9,0,0
BRDA:44,9,1,3
BRDA:46,10,0,10
BRDA:51,11,0,10
BRDA:60,12,0,1
BRDA:60,12,1,0
BRDA:61,13,0,1
BRDA:61,13,1,0
BRDA:69,14,0,1
BRDA:69,14,1,0
BRDA:70,15,0,1
BRDA:70,15,1,0
BRDA:16,16,0,10
BRDA:16,16,1,10
BRDA:16,17,0,10
BRDA:16,17,1,14
BRDA:16,18,0,2
BRDA:16,18,1,2
BRDA:16,18,2,2
BRDA:16,19,0,2
BRDA:16,19,1,2
BRDA:16,19,2,2
BRF:32
BRH:26
end_of_record
TN:
SF:src\app\features\pages\category\ui\category-graphic\category-graphic.html
FNF:0
FNH:0
DA:1,7
DA:6,7
DA:7,7
DA:10,7
DA:13,7
DA:14,7
DA:17,7
DA:18,7
DA:19,7
DA:23,7
DA:24,7
DA:25,7
LF:12
LH:12
BRF:0
BRH:0
end_of_record
TN:
SF:src\app\features\pages\category\ui\category-graphic\category-graphic.ts
FN:17,(anonymous_0)
FN:24,(anonymous_1)
FN:25,(anonymous_2)
FN:78,(anonymous_3)
FN:79,(anonymous_4)
FN:80,(anonymous_5)
FN:83,(anonymous_6)
FN:12,template
FNF:8
FNH:8
FNDA:2,(anonymous_0)
FNDA:2,(anonymous_1)
FNDA:2,(anonymous_2)
FNDA:1,(anonymous_3)
FNDA:1,(anonymous_4)
FNDA:1,(anonymous_5)
FNDA:2,(anonymous_6)
FNDA:1,template
DA:12,7
DA:14,7
DA:15,7
DA:17,7
DA:18,2
DA:20,2
DA:21,1
DA:24,2
DA:25,2
DA:27,1
DA:44,7
DA:78,1
DA:79,1
DA:81,1
DA:82,1
DA:83,2
DA:84,1
DA:85,1
DA:86,1
LF:19
LH:19
BRDA:14,0,0,7
BRDA:15,1,0,7
BRDA:20,2,0,1
BRDA:20,2,1,1
BRDA:24,3,0,2
BRDA:24,3,1,0
BRDA:25,4,0,2
BRDA:25,4,1,0
BRDA:42,5,0,7
BRDA:82,6,0,0
BRDA:82,6,1,1
BRDA:83,7,0,2
BRDA:83,7,1,0
BRDA:84,8,0,0
BRDA:84,8,1,1
BRDA:111,9,0,7
BRDA:12,10,0,7
BRDA:12,10,1,7
BRDA:12,11,0,7
BRDA:12,11,1,0
BRDA:12,12,0,1
BRDA:12,12,1,1
BRDA:12,12,2,1
BRDA:12,13,0,1
BRDA:12,13,1,1
BRDA:12,13,2,1
BRF:26
BRH:20
end_of_record
TN:
SF:src\app\features\pages\customer\customer-getall\customer-getall.html
FN:88,CustomerGetall_Template_app_customer_sidebar_busquedaChange_45_listener
FN:88,CustomerGetall_Template_app_customer_sidebar_tipoDocChange_45_listener
FN:88,CustomerGetall_Template_app_customer_sidebar_limpiarFiltros_45_listener
FNF:3
FNH:0
FNDA:0,CustomerGetall_Template_app_customer_sidebar_busquedaChange_45_listener
FNDA:0,CustomerGetall_Template_app_customer_sidebar_tipoDocChange_45_listener
FNDA:0,CustomerGetall_Template_app_customer_sidebar_limpiarFiltros_45_listener
DA:1,4
DA:6,4
DA:16,4
DA:22,4
DA:25,4
DA:26,4
DA:27,4
DA:30,4
DA:31,4
DA:32,4
DA:34,4
DA:35,4
DA:37,4
DA:40,4
DA:46,4
DA:47,4
DA:48,4
DA:49,4
DA:50,4
DA:51,16
DA:52,4
DA:53,16
DA:54,4
DA:59,4
DA:63,4
DA:64,4
DA:65,4
DA:66,4
DA:67,4
DA:68,16
DA:69,4
DA:70,16
DA:80,4
DA:81,16
DA:84,4
DA:86,4
DA:87,16
DA:88,4
DA:93,4
DA:94,16
DA:95,4
LF:41
LH:41
BRDA:53,0,0,0
BRDA:53,0,1,16
BRF:2
BRH:1
end_of_record
TN:
SF:src\app\features\pages\customer\customer-getall\customer-getall.ts
FN:25,(anonymous_0)
FN:29,(anonymous_1)
FN:30,(anonymous_2)
FN:38,(anonymous_3)
FN:40,(anonymous_4)
FN:42,(anonymous_5)
FN:48,(anonymous_6)
FN:49,(anonymous_7)
FN:52,(anonymous_8)
FN:53,(anonymous_9)
FN:57,(anonymous_10)
FN:58,(anonymous_11)
FN:62,(anonymous_12)
FN:63,(anonymous_13)
FN:66,(anonymous_14)
FN:67,(anonymous_15)
FN:69,(anonymous_16)
FN:75,ngOnInit
FN:79,loadClientes
FN:93,onBusqueda
FN:94,onTipoDocChange
FN:95,onLimpiarFiltros
FN:15,template
FNF:23
FNH:23
FNDA:8,(anonymous_0)
FNDA:2,(anonymous_1)
FNDA:2,(anonymous_2)
FNDA:6,(anonymous_3)
FNDA:6,(anonymous_4)
FNDA:8,(anonymous_5)
FNDA:6,(anonymous_6)
FNDA:8,(anonymous_7)
FNDA:6,(anonymous_8)
FNDA:8,(anonymous_9)
FNDA:6,(anonymous_10)
FNDA:8,(anonymous_11)
FNDA:6,(anonymous_12)
FNDA:8,(anonymous_13)
FNDA:6,(anonymous_14)
FNDA:8,(anonymous_15)
FNDA:4,(anonymous_16)
FNDA:8,ngOnInit
FNDA:8,loadClientes
FNDA:2,onBusqueda
FNDA:1,onTipoDocChange
FNDA:1,onLimpiarFiltros
FNDA:1,template
DA:15,20
DA:16,4
DA:18,4
DA:19,4
DA:20,4
DA:22,4
DA:23,4
DA:25,4
DA:26,8
DA:27,8
DA:28,8
DA:29,8
DA:30,8
DA:31,2
DA:34,8
DA:38,6
DA:40,4
DA:41,6
DA:42,6
DA:43,8
DA:44,8
DA:48,4
DA:49,8
DA:52,4
DA:53,8
DA:57,4
DA:58,8
DA:62,4
DA:63,8
DA:66,4
DA:67,6
DA:68,8
DA:69,8
DA:70,8
DA:71,8
DA:76,8
DA:80,8
DA:81,8
DA:82,8
DA:83,6
DA:84,8
DA:85,2
DA:87,2
DA:89,8
DA:93,2
DA:94,1
DA:96,1
DA:97,1
LF:48
LH:48
BRDA:18,0,0,4
BRDA:19,1,0,4
BRDA:20,2,0,4
BRDA:22,3,0,4
BRDA:23,4,0,4
BRDA:29,5,0,1
BRDA:29,5,1,7
BRDA:30,6,0,1
BRDA:30,6,1,7
BRDA:31,7,0,2
BRDA:31,7,1,1
BRDA:35,8,0,4
BRDA:38,9,0,4
BRDA:43,10,0,0
BRDA:43,10,1,8
BRDA:46,11,0,4
BRDA:49,12,0,4
BRDA:53,13,0,4
BRDA:58,14,0,8
BRDA:58,14,1,8
BRDA:58,14,2,0
BRDA:58,15,0,4
BRDA:63,16,0,8
BRDA:63,16,1,4
BRDA:63,17,0,4
BRDA:68,18,0,8
BRDA:68,18,1,0
BRDA:70,19,0,0
BRDA:70,19,1,8
BRDA:72,20,0,4
BRDA:83,21,0,0
BRDA:83,21,1,6
BRDA:84,22,0,4
BRDA:84,22,1,2
BRDA:84,23,0,4
BRDA:84,23,1,0
BRDA:85,24,0,2
BRDA:85,24,1,0
BRDA:15,25,0,4
BRDA:15,25,1,4
BRDA:15,26,0,4
BRDA:15,26,1,16
BRDA:15,27,0,1
BRDA:15,27,1,1
BRDA:15,27,2,1
BRDA:15,28,0,1
BRDA:15,28,1,1
BRDA:15,28,2,1
BRF:48
BRH:41
end_of_record
TN:
SF:src\app\features\pages\customer\customer-kpi\customer-kpi.html
FNF:0
FNH:0
DA:1,5
DA:7,5
DA:8,5
DA:9,5
DA:10,5
DA:12,5
DA:13,16
DA:14,5
DA:15,5
DA:16,5
DA:17,5
DA:22,5
DA:26,5
DA:27,5
DA:28,5
DA:29,5
DA:30,5
DA:32,5
DA:33,16
DA:34,5
DA:35,5
DA:36,5
DA:41,5
DA:45,5
DA:46,5
DA:47,5
DA:48,5
DA:49,5
DA:51,5
DA:52,16
DA:53,5
DA:54,5
DA:59,5
DA:63,5
DA:64,5
DA:65,5
DA:66,5
DA:67,5
DA:69,5
DA:70,16
DA:71,5
DA:72,5
DA:77,5
DA:81,5
DA:82,5
DA:83,5
DA:84,5
DA:85,5
DA:87,5
DA:88,16
DA:89,5
DA:90,5
DA:91,5
DA:92,5
DA:97,5
DA:102,5
DA:103,5
DA:105,5
DA:106,5
DA:108,5
DA:110,5
DA:111,5
DA:114,5
DA:117,16
DA:118,5
DA:119,5
DA:121,5
DA:123,5
DA:124,5
LF:69
LH:69
BRF:0
BRH:0
end_of_record
TN:
SF:src\app\features\pages\customer\customer-kpi\customer-kpi.ts
FN:10,template
FNF:1
FNH:1
FNDA:2,template
DA:10,21
DA:11,5
DA:12,5
DA:13,5
DA:14,5
DA:15,5
DA:16,5
LF:7
LH:7
BRDA:11,0,0,5
BRDA:12,1,0,5
BRDA:13,2,0,5
BRDA:14,3,0,5
BRDA:15,4,0,5
BRDA:16,5,0,5
BRDA:10,6,0,5
BRDA:10,6,1,5
BRDA:10,7,0,5
BRDA:10,7,1,16
BRDA:10,8,0,2
BRDA:10,8,1,2
BRDA:10,8,2,2
BRDA:10,9,0,2
BRDA:10,9,1,2
BRDA:10,9,2,2
BRF:16
BRH:16
end_of_record
TN:
SF:src\app\features\pages\customer\customer-sidebar\customer-sidebar.html
FN:14,CustomerSidebar_Conditional_8_Template_button_click_0_listener
FN:43,CustomerSidebar_Conditional_17_Template_button_click_0_listener
FN:73,CustomerSidebar_For_29_Template_button_click_0_listener
FN:36,CustomerSidebar_Template_input_input_16_listener
FN:58,CustomerSidebar_Template_button_click_22_listener
FNF:5
FNH:0
FNDA:0,CustomerSidebar_Conditional_8_Template_button_click_0_listener
FNDA:0,CustomerSidebar_Conditional_17_Template_button_click_0_listener
FNDA:0,CustomerSidebar_For_29_Template_button_click_0_listener
FNDA:0,CustomerSidebar_Template_input_input_16_listener
FNDA:0,CustomerSidebar_Template_button_click_22_listener
DA:1,12
DA:7,12
DA:8,12
DA:9,12
DA:10,12
DA:13,16
DA:14,0
DA:16,0
DA:17,0
DA:18,0
DA:20,12
DA:22,12
DA:25,12
DA:29,12
DA:31,12
DA:32,12
DA:33,16
DA:35,16
DA:36,12
DA:42,16
DA:43,0
DA:45,0
DA:46,0
DA:48,12
DA:52,12
DA:53,12
DA:54,12
DA:58,12
DA:60,16
DA:63,12
DA:64,12
DA:65,12
DA:66,16
DA:67,16
DA:68,12
DA:72,16
DA:73,4
DA:75,16
DA:78,16
DA:79,16
DA:80,4
DA:81,16
DA:82,16
DA:83,4
DA:87,12
LF:45
LH:38
BRDA:75,0,0,0
BRDA:75,0,1,16
BRDA:81,1,0,0
BRDA:81,1,1,16
BRDA:13,2,0,0
BRDA:13,2,1,16
BRDA:33,3,0,0
BRDA:33,3,1,16
BRDA:42,4,0,0
BRDA:42,4,1,16
BRDA:60,5,0,16
BRDA:60,5,1,0
BRDA:66,6,0,16
BRDA:66,6,1,0
BRF:14
BRH:7
end_of_record
TN:
SF:src\app\features\pages\customer\customer-sidebar\customer-sidebar.ts
FN:24,(anonymous_0)
FN:26,onBusquedaInput
FN:31,onLimpiarBusqueda
FN:35,onTipoDocClick
FN:41,onLimpiarTodosLosFiltros
FN:45,getIcono
FN:11,template
FNF:7
FNH:7
FNDA:6,(anonymous_0)
FNDA:1,onBusquedaInput
FNDA:1,onLimpiarBusqueda
FNDA:2,onTipoDocClick
FNDA:1,onLimpiarTodosLosFiltros
FNDA:21,getIcono
FNDA:1,template
DA:11,28
DA:13,12
DA:14,12
DA:15,12
DA:16,12
DA:19,12
DA:20,12
DA:21,12
DA:24,12
DA:27,1
DA:28,1
DA:32,1
DA:37,2
DA:38,2
DA:42,1
DA:46,21
DA:48,9
DA:50,9
DA:53,2
DA:55,1
LF:20
LH:20
BRDA:13,0,0,12
BRDA:14,1,0,12
BRDA:15,2,0,12
BRDA:16,3,0,12
BRDA:24,4,0,6
BRDA:24,4,1,5
BRDA:24,5,0,12
BRDA:37,6,0,1
BRDA:37,6,1,1
BRDA:46,7,0,9
BRDA:46,7,1,9
BRDA:46,7,2,1
BRDA:46,7,3,2
BRDA:46,7,4,1
BRDA:11,8,0,12
BRDA:11,8,1,12
BRDA:11,9,0,12
BRDA:11,9,1,16
BRDA:11,10,0,1
BRDA:11,10,1,1
BRDA:11,10,2,1
BRDA:11,11,0,1
BRDA:11,11,1,1
BRDA:11,11,2,1
BRF:24
BRH:24
end_of_record
TN:
SF:src\app\features\pages\customer\customer-table\customer-table.html
FN:47,(anonymous_0)
FN:57,CustomerTable_Conditional_21_For_2_Template_div_click_0_listener
FN:67,CustomerTable_Conditional_21_For_2_Template_button_click_6_listener
FN:147,CustomerTable_Conditional_21_Template_p_paginator_onPageChange_15_listener
FN:20,CustomerTable_Template_button_click_11_listener
FN:26,CustomerTable_Template_button_click_15_listener
FNF:6
FNH:1
FNDA:4,(anonymous_0)
FNDA:0,CustomerTable_Conditional_21_For_2_Template_div_click_0_listener
FNDA:0,CustomerTable_Conditional_21_For_2_Template_button_click_6_listener
FNDA:0,CustomerTable_Conditional_21_Template_p_paginator_onPageChange_15_listener
FNDA:0,CustomerTable_Template_button_click_11_listener
FNDA:0,CustomerTable_Template_button_click_15_listener
DA:1,8
DA:8,8
DA:9,8
DA:10,8
DA:11,8
DA:12,8
DA:13,16
DA:15,8
DA:19,8
DA:20,8
DA:22,8
DA:23,8
DA:26,8
DA:28,8
DA:29,8
DA:34,16
DA:35,2
DA:37,2
DA:38,2
DA:39,2
DA:40,8
DA:45,16
DA:46,4
DA:47,8
DA:48,36
DA:50,4
DA:54,2
DA:56,4
DA:57,4
DA:60,4
DA:64,4
DA:67,4
DA:70,8
DA:71,4
DA:73,4
DA:74,4
DA:77,0
DA:79,0
DA:80,0
DA:83,4
DA:86,4
DA:88,8
DA:89,8
DA:90,4
DA:92,4
DA:93,8
DA:94,4
DA:96,4
DA:97,8
DA:98,4
DA:100,4
DA:103,4
DA:109,8
DA:110,4
DA:113,4
DA:115,4
DA:116,4
DA:118,8
DA:119,4
DA:125,4
DA:128,4
DA:129,4
DA:130,8
DA:131,4
DA:137,2
DA:139,2
DA:142,4
DA:143,4
DA:144,4
DA:145,2
DA:146,2
DA:147,4
DA:149,2
DA:154,2
DA:157,2
DA:158,2
DA:159,2
DA:160,2
DA:161,2
DA:165,8
LF:80
LH:77
BRDA:70,0,0,16
BRDA:70,0,1,8
BRDA:93,1,0,8
BRDA:93,1,1,0
BRDA:109,2,0,8
BRDA:109,2,1,16
BRDA:118,3,0,8
BRDA:118,3,1,0
BRDA:118,3,2,0
BRDA:130,4,0,8
BRDA:130,4,1,0
BRDA:13,5,0,0
BRDA:13,5,1,16
BRDA:34,6,0,8
BRDA:34,6,1,8
BRDA:45,7,0,12
BRDA:45,7,1,12
BRF:17
BRH:12
end_of_record
TN:
SF:src\app\features\pages\customer\customer-table\customer-table.ts
FN:26,(anonymous_0)
FN:28,(anonymous_1)
FN:34,(anonymous_2)
FN:40,onPageChange
FN:12,template
FNF:5
FNH:5
FNDA:7,(anonymous_0)
FNDA:4,(anonymous_1)
FNDA:4,(anonymous_2)
FNDA:1,onPageChange
FNDA:2,template
DA:12,24
DA:13,8
DA:14,8
DA:15,8
DA:16,8
DA:18,8
DA:19,8
DA:20,8
DA:21,8
DA:22,8
DA:24,8
DA:26,8
DA:28,8
DA:29,4
DA:30,4
DA:31,4
DA:34,8
DA:35,4
DA:36,4
DA:37,4
DA:41,1
LF:21
LH:21
BRDA:13,0,0,8
BRDA:14,1,0,8
BRDA:15,2,0,8
BRDA:16,3,0,8
BRDA:24,4,0,8
BRDA:26,5,0,8
BRDA:32,6,0,8
BRDA:37,7,0,3
BRDA:37,7,1,1
BRDA:38,8,0,8
BRDA:12,9,0,8
BRDA:12,9,1,8
BRDA:12,10,0,8
BRDA:12,10,1,16
BRDA:12,11,0,2
BRDA:12,11,1,2
BRDA:12,11,2,2
BRDA:12,12,0,2
BRDA:12,12,1,2
BRDA:12,12,2,2
BRF:20
BRH:20
end_of_record
TN:
SF:src\app\features\pages\inventory\current-stock\current-stock.html
FN:189,CurrentStock_Template_app_inventory_table_busqueda_71_listener
FN:189,CurrentStock_Template_app_inventory_table_verLotes_71_listener
FN:189,CurrentStock_Template_app_inventory_table_registrarIngreso_71_listener
FNF:3
FNH:0
FNDA:0,CurrentStock_Template_app_inventory_table_busqueda_71_listener
FNDA:0,CurrentStock_Template_app_inventory_table_verLotes_71_listener
FNDA:0,CurrentStock_Template_app_inventory_table_registrarIngreso_71_listener
DA:1,2
DA:6,2
DA:16,2
DA:22,2
DA:25,2
DA:26,2
DA:27,2
DA:30,2
DA:31,2
DA:32,2
DA:34,2
DA:35,2
DA:37,2
DA:40,2
DA:46,2
DA:47,2
DA:48,2
DA:49,2
DA:50,2
DA:51,8
DA:52,2
DA:56,2
DA:60,2
DA:61,2
DA:62,2
DA:63,2
DA:64,2
DA:65,8
DA:66,2
DA:67,8
DA:68,2
DA:78,2
DA:79,8
DA:82,2
DA:84,2
DA:93,2
DA:94,2
DA:95,2
DA:97,2
DA:99,8
DA:100,2
DA:103,2
DA:105,2
DA:106,8
DA:107,4
DA:110,4
DA:111,16
DA:114,4
DA:116,16
DA:117,16
DA:118,4
DA:119,4
DA:120,16
DA:121,4
DA:124,4
DA:126,16
DA:127,16
DA:128,4
DA:132,4
DA:134,4
DA:135,4
DA:136,16
DA:137,16
DA:138,4
DA:140,4
DA:141,4
DA:142,16
DA:143,16
DA:145,4
DA:150,0
DA:151,0
DA:152,0
DA:155,2
DA:159,2
DA:164,2
DA:165,2
DA:166,2
DA:169,2
DA:171,2
DA:172,2
DA:173,8
DA:175,2
DA:179,2
DA:180,8
DA:181,2
DA:187,2
DA:188,8
DA:189,2
LF:88
LH:85
BRDA:111,0,0,8
BRDA:111,0,1,8
BRDA:126,1,0,8
BRDA:126,1,1,8
BRDA:136,2,0,8
BRDA:136,2,1,8
BRDA:143,3,0,8
BRDA:143,3,1,8
BRDA:142,4,0,0
BRDA:142,4,1,16
BRDA:67,5,0,0
BRDA:67,5,1,8
BRDA:173,6,0,0
BRDA:173,6,1,8
BRF:14
BRH:11
end_of_record
TN:
SF:src\app\features\pages\inventory\current-stock\current-stock.ts
FN:28,(anonymous_0)
FN:29,(anonymous_1)
FN:32,(anonymous_2)
FN:33,(anonymous_3)
FN:36,(anonymous_4)
FN:37,(anonymous_5)
FN:40,(anonymous_6)
FN:41,(anonymous_7)
FN:44,(anonymous_8)
FN:46,(anonymous_9)
FN:52,(anonymous_10)
FN:55,(anonymous_11)
FN:62,(anonymous_12)
FN:64,(anonymous_13)
FN:66,(anonymous_14)
FN:72,ngOnInit
FN:78,(anonymous_16)
FN:81,(anonymous_17)
FN:84,(anonymous_18)
FN:85,(anonymous_19)
FN:89,(anonymous_20)
FN:94,(anonymous_21)
FN:108,onBusqueda
FN:112,onVerLotes
FN:115,onRegistrarIngreso
FN:118,loadProducts
FN:122,(anonymous_26)
FN:131,(anonymous_27)
FN:133,(anonymous_28)
FN:21,template
FNF:30
FNH:27
FNDA:4,(anonymous_0)
FNDA:12,(anonymous_1)
FNDA:4,(anonymous_2)
FNDA:12,(anonymous_3)
FNDA:4,(anonymous_4)
FNDA:12,(anonymous_5)
FNDA:4,(anonymous_6)
FNDA:12,(anonymous_7)
FNDA:4,(anonymous_8)
FNDA:4,(anonymous_9)
FNDA:4,(anonymous_10)
FNDA:8,(anonymous_11)
FNDA:4,(anonymous_12)
FNDA:4,(anonymous_13)
FNDA:8,(anonymous_14)
FNDA:4,ngOnInit
FNDA:5,(anonymous_16)
FNDA:2,(anonymous_17)
FNDA:4,(anonymous_18)
FNDA:8,(anonymous_19)
FNDA:8,(anonymous_20)
FNDA:8,(anonymous_21)
FNDA:1,onBusqueda
FNDA:0,onVerLotes
FNDA:0,onRegistrarIngreso
FNDA:4,loadProducts
FNDA:4,(anonymous_26)
FNDA:0,(anonymous_27)
FNDA:4,(anonymous_28)
FNDA:1,template
DA:21,10
DA:22,2
DA:24,2
DA:25,2
DA:26,2
DA:28,2
DA:29,12
DA:32,2
DA:33,12
DA:36,2
DA:37,12
DA:40,2
DA:41,12
DA:44,4
DA:46,2
DA:47,4
DA:48,4
DA:49,4
DA:52,2
DA:53,4
DA:55,8
DA:62,2
DA:63,4
DA:64,4
DA:66,8
DA:73,4
DA:76,2
DA:78,2
DA:79,5
DA:80,5
DA:81,2
DA:84,4
DA:85,8
DA:89,8
DA:94,8
DA:100,2
DA:109,1
DA:117,2
DA:119,4
DA:120,4
DA:122,4
DA:123,4
DA:124,4
DA:125,0
DA:126,0
DA:129,4
DA:132,0
DA:134,4
LF:48
LH:45
BRDA:24,0,0,2
BRDA:25,1,0,2
BRDA:26,2,0,2
BRDA:29,3,0,2
BRDA:33,4,0,12
BRDA:33,4,1,8
BRDA:33,5,0,2
BRDA:37,6,0,2
BRDA:41,7,0,2
BRDA:44,8,0,2
BRDA:48,9,0,0
BRDA:48,9,1,4
BRDA:50,10,0,2
BRDA:60,11,0,2
BRDA:70,12,0,2
BRDA:76,13,0,2
BRDA:80,14,0,4
BRDA:80,14,1,1
BRDA:82,15,0,2
BRDA:98,16,0,2
BRDA:123,17,0,0
BRDA:123,17,1,4
BRDA:124,18,0,0
BRDA:124,18,1,4
BRDA:125,19,0,0
BRDA:125,19,1,0
BRDA:129,20,0,4
BRDA:129,20,1,0
BRDA:21,21,0,2
BRDA:21,21,1,2
BRDA:21,22,0,2
BRDA:21,22,1,8
BRDA:21,23,0,1
BRDA:21,23,1,1
BRDA:21,23,2,1
BRDA:21,24,0,1
BRDA:21,24,1,1
BRDA:21,24,2,1
BRF:38
BRH:32
end_of_record
TN:
SF:src\app\features\pages\inventory\inventory-kpi\inventory-kpi.html
FNF:0
FNH:0
DA:1,3
DA:8,3
DA:9,3
DA:10,3
DA:11,3
DA:13,3
DA:14,8
DA:15,3
DA:16,3
DA:17,3
DA:18,3
DA:23,3
DA:27,3
DA:28,3
DA:29,3
DA:30,3
DA:32,3
DA:33,8
DA:34,3
DA:35,3
DA:36,3
DA:37,3
DA:42,3
DA:46,3
DA:47,3
DA:48,3
DA:49,3
DA:51,3
DA:52,8
DA:53,3
DA:54,3
DA:55,3
DA:56,3
DA:61,3
DA:65,3
DA:66,3
DA:67,3
DA:68,3
DA:69,3
DA:71,3
DA:72,8
DA:73,3
DA:74,3
DA:75,3
DA:76,3
DA:81,3
DA:85,3
DA:86,3
DA:87,3
DA:88,3
DA:90,3
DA:91,8
DA:92,3
DA:93,3
DA:94,3
DA:95,3
DA:100,3
DA:104,3
DA:105,3
DA:106,3
DA:107,3
DA:109,3
DA:110,8
DA:111,3
DA:112,3
DA:113,3
DA:114,3
LF:67
LH:67
BRF:0
BRH:0
end_of_record
TN:
SF:src\app\features\pages\inventory\inventory-kpi\inventory-kpi.ts
FN:10,template
FNF:1
FNH:1
FNDA:2,template
DA:10,11
DA:11,3
DA:12,3
DA:13,3
DA:14,3
DA:15,3
DA:16,3
LF:7
LH:7
BRDA:11,0,0,3
BRDA:12,1,0,3
BRDA:13,2,0,3
BRDA:14,3,0,3
BRDA:15,4,0,3
BRDA:16,5,0,3
BRDA:10,6,0,3
BRDA:10,6,1,3
BRDA:10,7,0,3
BRDA:10,7,1,8
BRDA:10,8,0,2
BRDA:10,8,1,2
BRDA:10,8,2,2
BRDA:10,9,0,2
BRDA:10,9,1,2
BRDA:10,9,2,2
BRF:16
BRH:16
end_of_record
TN:
SF:src\app\features\pages\inventory\inventory-table\inventory-table.html
FN:31,(anonymous_0)
FN:137,InventoryTable_Conditional_14_For_2_Template_button_click_35_listener
FN:144,InventoryTable_Conditional_14_For_2_Template_button_click_39_listener
FN:160,InventoryTable_Conditional_14_Template_p_paginator_onPageChange_4_listener
FN:24,InventoryTable_Template_input_input_12_listener
FNF:5
FNH:1
FNDA:2,(anonymous_0)
FNDA:0,InventoryTable_Conditional_14_For_2_Template_button_click_35_listener
FNDA:0,InventoryTable_Conditional_14_For_2_Template_button_click_39_listener
FNDA:0,InventoryTable_Conditional_14_Template_p_paginator_onPageChange_4_listener
FNDA:0,InventoryTable_Template_input_input_12_listener
DA:1,5
DA:9,5
DA:10,5
DA:11,5
DA:12,5
DA:13,5
DA:14,22
DA:16,5
DA:20,5
DA:21,5
DA:22,5
DA:24,5
DA:29,22
DA:30,2
DA:31,10
DA:32,16
DA:34,2
DA:39,1
DA:41,3
DA:42,2
DA:50,6
DA:51,2
DA:53,2
DA:54,6
DA:55,0
DA:57,0
DA:58,0
DA:61,2
DA:63,2
DA:64,2
DA:67,2
DA:71,2
DA:73,6
DA:74,6
DA:75,2
DA:77,2
DA:78,6
DA:79,0
DA:81,0
DA:82,0
DA:83,0
DA:85,6
DA:86,0
DA:88,0
DA:89,0
DA:90,0
DA:92,2
DA:96,2
DA:98,6
DA:99,0
DA:102,2
DA:103,2
DA:104,2
DA:107,2
DA:111,2
DA:115,2
DA:116,2
DA:117,6
DA:118,6
DA:119,2
DA:121,2
DA:122,2
DA:123,2
DA:124,6
DA:125,2
DA:127,2
DA:128,2
DA:129,2
DA:130,6
DA:131,2
DA:136,2
DA:137,0
DA:140,2
DA:141,2
DA:144,2
DA:147,2
DA:148,2
DA:155,1
DA:158,1
DA:159,3
DA:160,0
DA:162,1
DA:168,3
DA:171,3
DA:172,3
DA:173,3
DA:174,3
DA:175,3
DA:179,5
LF:89
LH:75
BRDA:50,0,0,6
BRDA:50,0,1,6
BRDA:54,1,0,0
BRDA:54,1,1,6
BRDA:78,2,0,0
BRDA:78,2,1,6
BRDA:85,3,0,0
BRDA:85,3,1,6
BRDA:98,4,0,0
BRDA:98,4,1,6
BRDA:117,5,0,0
BRDA:117,5,1,6
BRDA:14,6,0,0
BRDA:14,6,1,22
BRDA:29,7,0,13
BRDA:29,7,1,21
BRF:16
BRH:10
end_of_record
TN:
SF:src\app\features\pages\inventory\inventory-table\inventory-table.ts
FN:42,(anonymous_0)
FN:47,getDeficit
FN:54,onBusqueda
FN:59,onPageChange
FN:27,template
FNF:5
FNH:5
FNDA:1,(anonymous_0)
FNDA:8,getDeficit
FNDA:1,onBusqueda
FNDA:1,onPageChange
FNDA:2,template
DA:27,27
DA:28,5
DA:29,5
DA:31,5
DA:32,5
DA:33,5
DA:35,5
DA:38,5
DA:39,5
DA:42,5
DA:43,1
DA:44,1
DA:48,8
DA:49,8
DA:50,8
DA:51,8
DA:55,1
DA:56,1
DA:60,1
DA:61,1
LF:20
LH:20
BRDA:28,0,0,5
BRDA:29,1,0,5
BRDA:38,2,0,5
BRDA:39,3,0,5
BRDA:45,4,0,5
BRDA:48,5,0,8
BRDA:48,5,1,6
BRDA:49,6,0,8
BRDA:49,6,1,6
BRDA:51,7,0,1
BRDA:51,7,1,7
BRDA:27,8,0,5
BRDA:27,8,1,5
BRDA:27,9,0,5
BRDA:27,9,1,22
BRDA:27,10,0,2
BRDA:27,10,1,2
BRDA:27,10,2,2
BRDA:27,11,0,2
BRDA:27,11,1,2
BRDA:27,11,2,2
BRF:21
BRH:21
end_of_record
TN:
SF:src\app\features\pages\inventory\movements\movements.html
FN:83,Movements_Template_app_movements_sidebar_busquedaChange_41_listener
FN:83,Movements_Template_app_movements_sidebar_tipoChange_41_listener
FN:84,Movements_Template_app_movements_sidebar_usuarioChange_41_listener
FN:84,Movements_Template_app_movements_sidebar_limpiarFiltros_41_listener
FN:92,Movements_Template_app_movements_table_seleccionar_44_listener
FN:92,Movements_Template_app_movements_table_crearMovimiento_44_listener
FN:98,Movements_Template_app_product_kardex_onSearchProduct_46_listener
FN:98,Movements_Template_app_product_kardex_onSelectProduct_46_listener
FN:104,Movements_Template_app_inventory_detail_visibleChange_47_listener
FN:107,Movements_Template_app_movements_new_visibleChange_48_listener
FN:108,Movements_Template_app_movements_new_onSearchProduct_48_listener
FN:108,Movements_Template_app_movements_new_saved_48_listener
FNF:12
FNH:0
FNDA:0,Movements_Template_app_movements_sidebar_busquedaChange_41_listener
FNDA:0,Movements_Template_app_movements_sidebar_tipoChange_41_listener
FNDA:0,Movements_Template_app_movements_sidebar_usuarioChange_41_listener
FNDA:0,Movements_Template_app_movements_sidebar_limpiarFiltros_41_listener
FNDA:0,Movements_Template_app_movements_table_seleccionar_44_listener
FNDA:0,Movements_Template_app_movements_table_crearMovimiento_44_listener
FNDA:0,Movements_Template_app_product_kardex_onSearchProduct_46_listener
FNDA:0,Movements_Template_app_product_kardex_onSelectProduct_46_listener
FNDA:0,Movements_Template_app_inventory_detail_visibleChange_47_listener
FNDA:0,Movements_Template_app_movements_new_visibleChange_48_listener
FNDA:0,Movements_Template_app_movements_new_onSearchProduct_48_listener
FNDA:0,Movements_Template_app_movements_new_saved_48_listener
DA:1,5
DA:6,5
DA:16,5
DA:22,5
DA:25,5
DA:26,5
DA:27,5
DA:30,5
DA:31,5
DA:32,5
DA:34,5
DA:35,5
DA:36,5
DA:39,5
DA:45,5
DA:46,5
DA:47,5
DA:48,5
DA:49,5
DA:50,25
DA:51,5
DA:52,25
DA:53,5
DA:58,5
DA:62,5
DA:63,5
DA:64,5
DA:65,5
DA:66,5
DA:67,25
DA:68,5
DA:77,5
DA:78,25
DA:79,5
DA:81,5
DA:82,25
DA:83,5
DA:84,0
DA:88,5
DA:91,25
DA:92,5
DA:96,5
DA:97,25
DA:98,5
DA:104,25
DA:107,25
DA:108,5
LF:47
LH:46
BRDA:104,0,0,0
BRDA:104,0,1,0
BRDA:107,1,0,0
BRDA:107,1,1,0
BRDA:52,2,0,0
BRDA:52,2,1,25
BRF:6
BRH:1
end_of_record
TN:
SF:src\app\features\pages\inventory\movements\movements.ts
FN:63,(anonymous_0)
FN:65,(anonymous_1)
FN:66,(anonymous_2)
FN:69,ngOnInit
FN:73,abrirModalCrearMovimiento
FN:77,initialization
FN:81,(anonymous_6)
FN:91,(anonymous_7)
FN:93,(anonymous_8)
FN:101,crearMovimientoBackend
FN:104,(anonymous_10)
FN:112,(anonymous_11)
FN:115,(anonymous_12)
FN:123,buscarProductosBackend
FN:131,(anonymous_14)
FN:135,(anonymous_15)
FN:138,(anonymous_16)
FN:146,cargarDetalle
FN:155,(anonymous_18)
FN:158,(anonymous_19)
FN:160,(anonymous_20)
FN:168,cargarKardexProducto
FN:175,(anonymous_22)
FN:184,(anonymous_23)
FN:187,(anonymous_24)
FN:192,(anonymous_25)
FN:199,(anonymous_26)
FN:200,(anonymous_27)
FN:202,(anonymous_28)
FN:212,onResetFiltros
FN:35,template
FNF:31
FNH:25
FNDA:10,(anonymous_0)
FNDA:10,(anonymous_1)
FNDA:14,(anonymous_2)
FNDA:7,ngOnInit
FNDA:1,abrirModalCrearMovimiento
FNDA:7,initialization
FNDA:7,(anonymous_6)
FNDA:0,(anonymous_7)
FNDA:7,(anonymous_8)
FNDA:1,crearMovimientoBackend
FNDA:1,(anonymous_10)
FNDA:0,(anonymous_11)
FNDA:1,(anonymous_12)
FNDA:1,buscarProductosBackend
FNDA:1,(anonymous_14)
FNDA:0,(anonymous_15)
FNDA:1,(anonymous_16)
FNDA:1,cargarDetalle
FNDA:1,(anonymous_18)
FNDA:0,(anonymous_19)
FNDA:1,(anonymous_20)
FNDA:1,cargarKardexProducto
FNDA:1,(anonymous_22)
FNDA:0,(anonymous_23)
FNDA:1,(anonymous_24)
FNDA:12,(anonymous_25)
FNDA:2,(anonymous_26)
FNDA:0,(anonymous_27)
FNDA:2,(anonymous_28)
FNDA:1,onResetFiltros
FNDA:1,template
DA:35,30
DA:36,5
DA:38,5
DA:39,5
DA:40,5
DA:42,5
DA:43,5
DA:44,5
DA:46,5
DA:47,5
DA:48,5
DA:49,5
DA:50,5
DA:52,5
DA:53,5
DA:55,5
DA:56,5
DA:57,5
DA:58,5
DA:60,5
DA:61,5
DA:63,10
DA:65,5
DA:66,14
DA:70,7
DA:74,1
DA:78,7
DA:79,7
DA:81,7
DA:82,7
DA:84,7
DA:85,0
DA:86,0
DA:89,7
DA:90,7
DA:92,0
DA:94,7
DA:102,1
DA:104,1
DA:105,1
DA:107,1
DA:108,1
DA:110,0
DA:113,0
DA:114,0
DA:116,1
DA:124,1
DA:125,0
DA:126,0
DA:129,1
DA:131,1
DA:132,1
DA:133,1
DA:134,1
DA:136,0
DA:137,0
DA:139,1
DA:147,1
DA:149,1
DA:150,1
DA:151,1
DA:152,1
DA:153,1
DA:155,1
DA:156,1
DA:157,1
DA:159,0
DA:161,1
DA:169,1
DA:171,1
DA:172,1
DA:173,1
DA:175,1
DA:176,1
DA:178,1
DA:179,0
DA:180,0
DA:183,1
DA:185,0
DA:186,0
DA:188,1
DA:192,5
DA:193,12
DA:194,12
DA:195,12
DA:197,12
DA:199,12
DA:200,12
DA:201,12
DA:202,1
DA:203,2
DA:209,12
DA:213,1
DA:214,1
DA:215,1
LF:95
LH:80
BRDA:38,0,0,5
BRDA:39,1,0,5
BRDA:40,2,0,5
BRDA:42,3,0,5
BRDA:43,4,0,5
BRDA:44,5,0,5
BRDA:46,6,0,5
BRDA:47,7,0,5
BRDA:48,8,0,5
BRDA:49,9,0,5
BRDA:50,10,0,5
BRDA:52,11,0,5
BRDA:53,12,0,5
BRDA:55,13,0,5
BRDA:56,14,0,5
BRDA:57,15,0,5
BRDA:58,16,0,5
BRDA:60,17,0,5
BRDA:61,18,0,5
BRDA:63,19,0,5
BRDA:66,20,0,14
BRDA:66,20,1,14
BRDA:66,20,2,0
BRDA:66,20,3,0
BRDA:67,21,0,5
BRDA:82,22,0,0
BRDA:82,22,1,7
BRDA:84,23,0,0
BRDA:84,23,1,7
BRDA:85,24,0,0
BRDA:85,24,1,0
BRDA:89,25,0,7
BRDA:89,25,1,0
BRDA:105,26,0,0
BRDA:105,26,1,1
BRDA:107,27,0,1
BRDA:107,27,1,0
BRDA:107,28,0,1
BRDA:107,28,1,0
BRDA:107,28,2,0
BRDA:110,29,0,0
BRDA:110,29,1,0
BRDA:124,30,0,0
BRDA:124,30,1,1
BRDA:124,31,0,1
BRDA:124,31,1,1
BRDA:132,32,0,0
BRDA:132,32,1,1
BRDA:133,33,0,1
BRDA:133,33,1,0
BRDA:133,33,2,0
BRDA:133,34,0,0
BRDA:133,34,1,0
BRDA:147,35,0,0
BRDA:147,35,1,1
BRDA:156,36,0,0
BRDA:156,36,1,1
BRDA:169,37,0,0
BRDA:169,37,1,1
BRDA:176,38,0,0
BRDA:176,38,1,1
BRDA:178,39,0,0
BRDA:178,39,1,1
BRDA:179,40,0,0
BRDA:179,40,1,0
BRDA:199,41,0,1
BRDA:199,41,1,11
BRDA:200,42,0,0
BRDA:200,42,1,12
BRDA:201,43,0,1
BRDA:201,43,1,11
BRDA:203,44,0,2
BRDA:203,44,1,1
BRDA:203,44,2,1
BRDA:210,45,0,5
BRDA:35,46,0,5
BRDA:35,46,1,5
BRDA:35,47,0,5
BRDA:35,47,1,25
BRDA:35,48,0,1
BRDA:35,48,1,1
BRDA:35,48,2,1
BRDA:35,49,0,1
BRDA:35,49,1,1
BRDA:35,49,2,1
BRF:85
BRH:58
end_of_record
TN:
SF:src\app\features\pages\inventory\movements\inventory-detail\inventory-detail.html
FN:1,InventoryDetail_Template_p_dialog_visibleChange_0_listener
FNF:1
FNH:0
FNDA:0,InventoryDetail_Template_p_dialog_visibleChange_0_listener
DA:1,25
DA:5,7
DA:6,1
DA:10,1
DA:11,1
DA:12,1
DA:13,1
DA:14,1
DA:20,7
DA:22,25
DA:23,0
DA:24,0
DA:25,0
DA:30,0
DA:32,0
DA:33,0
DA:34,0
DA:35,0
DA:42,1
DA:46,5
DA:47,1
DA:48,0
DA:50,0
DA:51,0
DA:54,0
DA:56,0
DA:57,0
DA:60,0
DA:62,0
DA:63,0
DA:66,0
DA:68,0
DA:69,0
DA:72,1
DA:74,1
DA:76,1
DA:77,5
DA:81,1
DA:84,1
DA:85,1
DA:86,1
DA:87,5
DA:88,1
DA:90,5
DA:91,1
DA:92,5
DA:93,0
DA:94,0
DA:95,0
DA:97,1
DA:101,5
DA:102,0
DA:104,0
DA:105,0
DA:107,0
DA:108,0
DA:109,0
DA:112,1
DA:114,1
DA:117,1
DA:118,1
DA:119,1
DA:120,1
DA:122,5
DA:123,1
DA:126,1
DA:127,5
DA:128,0
DA:134,0
DA:135,0
DA:137,0
DA:138,0
DA:139,0
DA:140,0
DA:141,0
DA:143,0
DA:144,0
DA:146,0
DA:147,0
DA:148,0
DA:149,0
DA:150,0
DA:152,0
DA:156,0
DA:159,0
DA:160,0
DA:161,0
DA:163,0
DA:165,0
DA:166,0
DA:167,0
DA:172,1
DA:174,1
DA:179,1
DA:180,1
DA:181,1
DA:182,1
DA:183,1
DA:184,1
DA:185,1
DA:188,1
DA:190,5
DA:191,1
DA:196,4
DA:197,4
DA:198,4
DA:202,7
LF:107
LH:54
BRDA:140,0,0,0
BRDA:140,0,1,0
BRDA:146,1,0,0
BRDA:146,1,1,0
BRDA:46,2,0,0
BRDA:46,2,1,10
BRDA:46,3,0,0
BRDA:46,3,1,5
BRDA:46,4,0,0
BRDA:46,4,1,5
BRDA:92,5,0,0
BRDA:92,5,1,5
BRDA:101,6,0,0
BRDA:101,6,1,5
BRDA:122,7,0,10
BRDA:122,7,1,5
BRDA:22,8,0,5
BRDA:22,8,1,70
BRF:18
BRH:9
end_of_record
TN:
SF:src\app\features\pages\inventory\movements\inventory-detail\inventory-detail.ts
FN:24,getInitials
FN:32,shortenId
FN:16,template
FNF:3
FNH:3
FNDA:3,getInitials
FNDA:2,shortenId
FNDA:2,template
DA:16,32
DA:17,7
DA:18,7
DA:20,7
DA:21,7
DA:22,7
DA:25,3
DA:26,2
DA:27,2
DA:33,2
LF:10
LH:10
BRDA:17,0,0,7
BRDA:20,1,0,7
BRDA:21,2,0,7
BRDA:22,3,0,7
BRDA:25,4,0,1
BRDA:25,4,1,2
BRDA:27,5,0,1
BRDA:27,5,1,1
BRDA:33,6,0,1
BRDA:33,6,1,1
BRDA:16,7,0,7
BRDA:16,7,1,7
BRDA:16,8,0,7
BRDA:16,8,1,25
BRDA:16,9,0,2
BRDA:16,9,1,2
BRDA:16,9,2,2
BRDA:16,10,0,2
BRDA:16,10,1,2
BRDA:16,10,2,2
BRF:20
BRH:20
end_of_record
TN:
SF:src\app\features\pages\inventory\movements\movements-kpi\movements-kpi.html
FNF:0
FNH:0
DA:1,8
DA:8,8
DA:9,8
DA:10,8
DA:11,8
DA:13,8
DA:14,29
DA:15,8
DA:16,8
DA:21,8
DA:25,8
DA:26,8
DA:27,8
DA:28,8
DA:30,8
DA:31,29
DA:32,8
DA:33,8
DA:34,8
DA:39,8
DA:43,8
DA:44,8
DA:45,8
DA:46,8
DA:48,8
DA:49,29
DA:50,8
DA:51,8
DA:52,8
DA:57,8
DA:61,8
DA:62,8
DA:63,8
DA:64,8
DA:65,8
DA:67,8
DA:68,29
DA:69,8
DA:70,8
DA:71,8
DA:76,8
DA:80,8
DA:81,8
DA:82,8
DA:83,8
DA:84,8
DA:86,8
DA:87,29
DA:88,8
DA:89,8
DA:90,8
DA:91,8
DA:96,8
DA:100,8
DA:101,8
DA:102,8
DA:103,8
DA:105,8
DA:106,29
DA:107,8
DA:108,8
DA:109,8
LF:62
LH:62
BRF:0
BRH:0
end_of_record
TN:
SF:src\app\features\pages\inventory\movements\movements-kpi\movements-kpi.ts
FN:14,(anonymous_0)
FN:15,(anonymous_1)
FN:15,(anonymous_2)
FN:16,(anonymous_3)
FN:16,(anonymous_4)
FN:17,(anonymous_5)
FN:17,(anonymous_6)
FN:18,(anonymous_7)
FN:18,(anonymous_8)
FN:20,(anonymous_9)
FN:21,(anonymous_10)
FN:11,template
FNF:12
FNH:12
FNDA:12,(anonymous_0)
FNDA:12,(anonymous_1)
FNDA:18,(anonymous_2)
FNDA:12,(anonymous_3)
FNDA:18,(anonymous_4)
FNDA:12,(anonymous_5)
FNDA:18,(anonymous_6)
FNDA:12,(anonymous_7)
FNDA:18,(anonymous_8)
FNDA:12,(anonymous_9)
FNDA:18,(anonymous_10)
FNDA:2,template
DA:11,37
DA:12,8
DA:14,12
DA:15,18
DA:16,18
DA:17,18
DA:18,18
DA:20,8
DA:21,18
DA:22,12
LF:10
LH:10
BRDA:12,0,0,8
BRDA:14,1,0,8
BRDA:15,2,0,8
BRDA:16,3,0,8
BRDA:17,4,0,8
BRDA:18,5,0,8
BRDA:23,6,0,8
BRDA:11,7,0,8
BRDA:11,7,1,8
BRDA:11,8,0,8
BRDA:11,8,1,29
BRDA:11,9,0,2
BRDA:11,9,1,2
BRDA:11,9,2,2
BRDA:11,10,0,2
BRDA:11,10,1,2
BRDA:11,10,2,2
BRF:17
BRH:17
end_of_record
TN:
SF:src\app\features\pages\inventory\movements\movements-new\movements-new.html
FN:55,MovementsNew_Conditional_15_Template_button_click_8_listener
FN:62,MovementsNew_Conditional_15_Template_button_click_12_listener
FN:69,MovementsNew_Conditional_15_Template_button_click_16_listener
FN:76,MovementsNew_Conditional_15_Template_button_click_20_listener
FN:114,MovementsNew_Conditional_15_Template_textarea_ngModelChange_44_listener
FN:147,MovementsNew_Conditional_16_Conditional_9_Conditional_2_For_1_Template_div_click_0_listener
FN:227,MovementsNew_Conditional_16_Conditional_21_For_2_Template_button_click_0_listener
FN:380,MovementsNew_Conditional_16_For_50_Template_button_click_24_listener
FN:134,MovementsNew_Conditional_16_Template_input_input_8_listener
FN:295,MovementsNew_Conditional_16_Template_input_ngModelChange_26_listener
FN:317,MovementsNew_Conditional_16_Template_input_ngModelChange_35_listener
FN:323,MovementsNew_Conditional_16_Template_button_click_37_listener
FN:421,MovementsNew_Conditional_30_Template_button_click_0_listener
FN:429,MovementsNew_Conditional_31_Template_button_click_0_listener
FN:1,MovementsNew_Template_p_dialog_visibleChange_0_listener
FN:22,MovementsNew_Template_button_click_4_listener
FN:33,MovementsNew_Template_button_click_10_listener
FNF:17
FNH:0
FNDA:0,MovementsNew_Conditional_15_Template_button_click_8_listener
FNDA:0,MovementsNew_Conditional_15_Template_button_click_12_listener
FNDA:0,MovementsNew_Conditional_15_Template_button_click_16_listener
FNDA:0,MovementsNew_Conditional_15_Template_button_click_20_listener
FNDA:0,MovementsNew_Conditional_15_Template_textarea_ngModelChange_44_listener
FNDA:0,MovementsNew_Conditional_16_Conditional_9_Conditional_2_For_1_Template_div_click_0_listener
FNDA:0,MovementsNew_Conditional_16_Conditional_21_For_2_Template_button_click_0_listener
FNDA:0,MovementsNew_Conditional_16_For_50_Template_button_click_24_listener
FNDA:0,MovementsNew_Conditional_16_Template_input_input_8_listener
FNDA:0,MovementsNew_Conditional_16_Template_input_ngModelChange_26_listener
FNDA:0,MovementsNew_Conditional_16_Template_input_ngModelChange_35_listener
FNDA:0,MovementsNew_Conditional_16_Template_button_click_37_listener
FNDA:0,MovementsNew_Conditional_30_Template_button_click_0_listener
FNDA:0,MovementsNew_Conditional_31_Template_button_click_0_listener
FNDA:0,MovementsNew_Template_p_dialog_visibleChange_0_listener
FNDA:0,MovementsNew_Template_button_click_4_listener
FNDA:0,MovementsNew_Template_button_click_10_listener
DA:1,37
DA:5,10
DA:6,0
DA:9,0
DA:10,0
DA:11,0
DA:12,0
DA:13,0
DA:18,10
DA:22,37
DA:26,10
DA:27,10
DA:28,10
DA:31,10
DA:33,37
DA:37,10
DA:38,10
DA:39,10
DA:43,37
DA:44,8
DA:49,8
DA:54,8
DA:55,0
DA:56,37
DA:58,8
DA:59,8
DA:62,8
DA:63,37
DA:65,8
DA:66,8
DA:69,8
DA:70,37
DA:72,8
DA:73,8
DA:76,8
DA:77,37
DA:79,8
DA:80,8
DA:84,8
DA:87,8
DA:88,8
DA:89,8
DA:91,37
DA:96,8
DA:97,8
DA:99,37
DA:100,8
DA:101,8
DA:102,37
DA:103,8
DA:108,8
DA:111,8
DA:112,8
DA:114,37
DA:117,8
DA:123,37
DA:124,0
DA:132,0
DA:134,0
DA:138,0
DA:139,0
DA:141,0
DA:142,0
DA:143,0
DA:144,0
DA:146,0
DA:147,0
DA:149,0
DA:150,0
DA:151,0
DA:152,0
DA:154,0
DA:155,0
DA:156,0
DA:160,0
DA:162,0
DA:164,0
DA:166,0
DA:170,0
DA:171,0
DA:174,0
DA:175,0
DA:177,0
DA:178,0
DA:182,0
DA:183,0
DA:184,0
DA:186,0
DA:188,0
DA:190,0
DA:192,0
DA:194,0
DA:195,0
DA:199,0
DA:200,0
DA:201,0
DA:206,0
DA:210,0
DA:211,0
DA:212,0
DA:213,0
DA:214,0
DA:215,0
DA:221,0
DA:222,0
DA:223,0
DA:225,0
DA:227,0
DA:232,0
DA:233,0
DA:236,0
DA:237,0
DA:239,0
DA:240,0
DA:242,0
DA:245,0
DA:246,0
DA:248,0
DA:249,0
DA:250,0
DA:252,0
DA:253,0
DA:254,0
DA:256,0
DA:258,0
DA:259,0
DA:260,0
DA:261,0
DA:262,0
DA:267,0
DA:270,0
DA:272,0
DA:273,0
DA:277,0
DA:279,0
DA:280,0
DA:282,0
DA:286,0
DA:288,0
DA:292,0
DA:294,0
DA:295,0
DA:299,0
DA:302,0
DA:303,0
DA:305,0
DA:306,0
DA:308,0
DA:309,0
DA:311,0
DA:313,0
DA:315,0
DA:316,0
DA:317,0
DA:322,0
DA:323,0
DA:325,0
DA:326,0
DA:333,0
DA:335,0
DA:336,0
DA:338,0
DA:339,0
DA:340,0
DA:343,0
DA:344,0
DA:345,0
DA:351,0
DA:352,0
DA:353,0
DA:354,0
DA:355,0
DA:358,0
DA:359,0
DA:360,0
DA:361,0
DA:362,0
DA:363,0
DA:367,0
DA:370,0
DA:371,0
DA:372,0
DA:374,0
DA:375,0
DA:376,0
DA:380,0
DA:382,0
DA:383,0
DA:388,0
DA:390,0
DA:393,0
DA:398,10
DA:403,10
DA:404,10
DA:405,10
DA:407,10
DA:408,10
DA:409,10
DA:410,10
DA:411,10
DA:415,10
DA:417,37
DA:418,10
DA:420,37
DA:421,8
DA:423,8
DA:424,8
DA:425,8
DA:428,37
DA:429,0
DA:431,0
DA:432,0
DA:435,10
LF:213
LH:68
BRDA:56,0,0,37
BRDA:56,0,1,0
BRDA:63,1,0,0
BRDA:63,1,1,37
BRDA:70,2,0,0
BRDA:70,2,1,37
BRDA:77,3,0,0
BRDA:77,3,1,37
BRDA:91,4,0,74
BRDA:91,4,1,185
BRDA:91,5,0,0
BRDA:91,5,1,0
BRDA:91,5,2,0
BRDA:99,6,0,37
BRDA:99,6,1,37
BRDA:102,7,0,37
BRDA:102,7,1,37
BRDA:102,7,2,37
BRDA:141,8,0,0
BRDA:141,8,1,0
BRDA:188,9,0,0
BRDA:188,9,1,0
BRDA:223,10,0,0
BRDA:223,10,1,0
BRDA:223,11,0,0
BRDA:223,11,1,0
BRDA:223,12,0,0
BRDA:223,12,1,0
BRDA:225,13,0,0
BRDA:225,13,1,0
BRDA:225,13,2,0
BRDA:227,14,0,0
BRDA:227,14,1,0
BRDA:232,15,0,0
BRDA:232,15,1,0
BRDA:237,16,0,0
BRDA:237,16,1,0
BRDA:245,17,0,0
BRDA:245,17,1,0
BRDA:245,17,2,0
BRDA:248,18,0,0
BRDA:248,18,1,0
BRDA:261,19,0,0
BRDA:261,19,1,0
BRDA:261,19,2,0
BRDA:270,20,0,0
BRDA:270,20,1,0
BRDA:277,21,0,0
BRDA:277,21,1,0
BRDA:279,22,0,0
BRDA:279,22,1,0
BRDA:138,23,0,0
BRDA:138,23,1,0
BRDA:174,24,0,0
BRDA:174,24,1,0
BRDA:194,25,0,0
BRDA:194,25,1,0
BRDA:305,26,0,0
BRDA:305,26,1,0
BRDA:22,27,0,37
BRDA:22,27,1,0
BRDA:33,28,0,0
BRDA:33,28,1,37
BRDA:43,29,0,37
BRDA:43,29,1,0
BRDA:123,30,0,0
BRDA:123,30,1,37
BRDA:420,31,0,37
BRDA:420,31,1,0
BRDA:428,32,0,0
BRDA:428,32,1,37
BRF:71
BRH:17
end_of_record
TN:
SF:src\app\features\pages\inventory\movements\movements-new\movements-new.ts
FN:67,(anonymous_0)
FN:73,(anonymous_1)
FN:74,(anonymous_2)
FN:77,seleccionarTipo
FN:81,siguientePaso
FN:85,onInputProducto
FN:102,seleccionarProductoCatalogo
FN:115,cargarLotesPorProducto
FN:121,(anonymous_8)
FN:139,(anonymous_9)
FN:142,seleccionarLote
FN:151,onLoteChange
FN:153,(anonymous_12)
FN:159,agregarProducto
FN:179,(anonymous_14)
FN:183,resetSeleccionProducto
FN:193,eliminarItem
FN:194,(anonymous_17)
FN:194,(anonymous_18)
FN:197,guardarMovimiento
FN:206,(anonymous_20)
FN:220,cerrarModal
FN:225,resetearFormulario
FN:36,template
FNF:24
FNH:21
FNDA:1,(anonymous_0)
FNDA:9,(anonymous_1)
FNDA:1,(anonymous_2)
FNDA:1,seleccionarTipo
FNDA:1,siguientePaso
FNDA:1,onInputProducto
FNDA:3,seleccionarProductoCatalogo
FNDA:3,cargarLotesPorProducto
FNDA:3,(anonymous_8)
FNDA:3,(anonymous_9)
FNDA:0,seleccionarLote
FNDA:0,onLoteChange
FNDA:0,(anonymous_12)
FNDA:2,agregarProducto
FNDA:2,(anonymous_14)
FNDA:3,resetSeleccionProducto
FNDA:1,eliminarItem
FNDA:1,(anonymous_17)
FNDA:1,(anonymous_18)
FNDA:1,guardarMovimiento
FNDA:1,(anonymous_20)
FNDA:1,cerrarModal
FNDA:1,resetearFormulario
FNDA:2,template
DA:36,47
DA:37,10
DA:38,10
DA:39,10
DA:41,10
DA:43,10
DA:44,10
DA:45,10
DA:47,10
DA:48,10
DA:50,10
DA:51,10
DA:52,10
DA:54,10
DA:55,10
DA:56,10
DA:58,10
DA:59,10
DA:60,10
DA:62,10
DA:63,10
DA:65,10
DA:67,10
DA:68,1
DA:73,10
DA:74,9
DA:78,1
DA:82,1
DA:86,1
DA:87,1
DA:89,1
DA:90,0
DA:91,0
DA:94,1
DA:95,1
DA:96,1
DA:98,0
DA:103,3
DA:104,3
DA:106,3
DA:107,3
DA:109,3
DA:111,3
DA:112,3
DA:116,3
DA:117,3
DA:118,3
DA:120,3
DA:122,3
DA:124,3
DA:125,3
DA:126,3
DA:128,3
DA:129,3
DA:130,3
DA:132,3
DA:133,3
DA:134,3
DA:139,3
DA:143,0
DA:145,0
DA:146,0
DA:147,0
DA:152,0
DA:153,0
DA:154,0
DA:155,0
DA:160,2
DA:161,2
DA:162,2
DA:163,2
DA:165,2
DA:167,2
DA:179,2
DA:180,2
DA:184,3
DA:185,3
DA:186,3
DA:187,3
DA:188,3
DA:189,3
DA:190,3
DA:194,1
DA:198,1
DA:200,1
DA:202,1
DA:206,1
DA:216,1
DA:217,1
DA:221,1
DA:222,1
DA:226,1
DA:227,1
DA:228,1
DA:229,1
DA:230,1
LF:96
LH:85
BRDA:43,0,0,10
BRDA:44,1,0,10
BRDA:45,2,0,10
BRDA:50,3,0,10
BRDA:51,4,0,10
BRDA:52,5,0,10
BRDA:54,6,0,10
BRDA:55,7,0,10
BRDA:56,8,0,10
BRDA:58,9,0,10
BRDA:59,10,0,10
BRDA:60,11,0,10
BRDA:62,12,0,10
BRDA:63,13,0,10
BRDA:65,14,0,10
BRDA:68,15,0,1
BRDA:68,15,1,1
BRDA:68,15,2,1
BRDA:71,16,0,10
BRDA:74,17,0,1
BRDA:74,17,1,0
BRDA:75,18,0,10
BRDA:89,19,0,0
BRDA:89,19,1,1
BRDA:94,20,0,1
BRDA:94,20,1,0
BRDA:104,21,0,3
BRDA:104,21,1,0
BRDA:104,21,2,0
BRDA:106,22,0,3
BRDA:106,22,1,0
BRDA:106,22,2,0
BRDA:106,22,3,0
BRDA:106,22,4,0
BRDA:111,23,0,3
BRDA:111,23,1,0
BRDA:122,24,0,0
BRDA:122,24,1,3
BRDA:124,25,0,3
BRDA:124,25,1,0
BRDA:125,26,0,3
BRDA:125,26,1,0
BRDA:125,26,2,0
BRDA:128,27,0,3
BRDA:128,27,1,0
BRDA:132,28,0,3
BRDA:132,28,1,0
BRDA:132,28,2,0
BRDA:132,28,3,0
BRDA:133,29,0,3
BRDA:133,29,1,0
BRDA:145,30,0,0
BRDA:145,30,1,0
BRDA:145,30,2,0
BRDA:145,30,3,0
BRDA:146,31,0,0
BRDA:146,31,1,0
BRDA:153,32,0,0
BRDA:153,32,1,0
BRDA:153,33,0,0
BRDA:153,33,1,0
BRDA:154,34,0,0
BRDA:154,34,1,0
BRDA:165,35,0,0
BRDA:165,35,1,2
BRDA:165,36,0,2
BRDA:165,36,1,2
BRDA:165,36,2,2
BRDA:168,37,0,2
BRDA:168,37,1,0
BRDA:169,38,0,2
BRDA:169,38,1,0
BRDA:169,38,2,0
BRDA:170,39,0,2
BRDA:170,39,1,0
BRDA:171,40,0,2
BRDA:171,40,1,0
BRDA:171,40,2,0
BRDA:172,41,0,2
BRDA:172,41,1,0
BRDA:176,42,0,2
BRDA:176,42,1,2
BRDA:198,43,0,0
BRDA:198,43,1,1
BRDA:205,44,0,0
BRDA:205,44,1,1
BRDA:205,45,0,1
BRDA:205,45,1,0
BRDA:36,46,0,10
BRDA:36,46,1,10
BRDA:36,47,0,10
BRDA:36,47,1,37
BRDA:36,48,0,2
BRDA:36,48,1,2
BRDA:36,48,2,2
BRDA:36,49,0,2
BRDA:36,49,1,2
BRDA:36,49,2,2
BRF:98
BRH:56
end_of_record
TN:
SF:src\app\features\pages\inventory\movements\movements-sidebar\movements-sidebar.html
FN:13,MovementsSidebar_Conditional_8_Template_button_click_0_listener
FN:39,MovementsSidebar_Conditional_17_Template_button_click_0_listener
FN:67,MovementsSidebar_For_29_Template_button_click_0_listener
FN:33,MovementsSidebar_Template_input_input_16_listener
FN:53,MovementsSidebar_Template_button_click_22_listener
FNF:5
FNH:0
FNDA:0,MovementsSidebar_Conditional_8_Template_button_click_0_listener
FNDA:0,MovementsSidebar_Conditional_17_Template_button_click_0_listener
FNDA:0,MovementsSidebar_For_29_Template_button_click_0_listener
FNDA:0,MovementsSidebar_Template_input_input_16_listener
FNDA:0,MovementsSidebar_Template_button_click_22_listener
DA:1,8
DA:6,8
DA:7,8
DA:8,8
DA:9,8
DA:12,29
DA:13,1
DA:15,1
DA:16,1
DA:17,1
DA:19,8
DA:21,8
DA:23,8
DA:26,8
DA:28,8
DA:29,8
DA:30,29
DA:32,29
DA:33,8
DA:38,29
DA:39,1
DA:41,1
DA:42,1
DA:44,8
DA:47,8
DA:48,8
DA:50,8
DA:53,8
DA:55,29
DA:58,8
DA:59,8
DA:60,8
DA:61,29
DA:62,29
DA:63,8
DA:66,29
DA:67,28
DA:69,116
DA:72,116
DA:73,116
DA:74,28
DA:75,116
DA:76,116
DA:77,28
DA:81,8
LF:45
LH:45
BRDA:69,0,0,0
BRDA:69,0,1,116
BRDA:75,1,0,0
BRDA:75,1,1,116
BRDA:12,2,0,2
BRDA:12,2,1,27
BRDA:30,3,0,2
BRDA:30,3,1,27
BRDA:38,4,0,2
BRDA:38,4,1,27
BRDA:55,5,0,29
BRDA:55,5,1,0
BRDA:61,6,0,29
BRDA:61,6,1,0
BRF:14
BRH:10
end_of_record
TN:
SF:src\app\features\pages\inventory\movements\movements-sidebar\movements-sidebar.ts
FN:22,(anonymous_0)
FN:26,(anonymous_1)
FN:33,(anonymous_2)
FN:33,(anonymous_3)
FN:39,(anonymous_4)
FN:39,(anonymous_5)
FN:45,(anonymous_6)
FN:45,(anonymous_7)
FN:51,(anonymous_8)
FN:51,(anonymous_9)
FN:55,onBusquedaInput
FN:60,onLimpiarBusqueda
FN:64,onLimpiarTodosLosFiltros
FN:10,template
FNF:14
FNH:14
FNDA:7,(anonymous_0)
FNDA:12,(anonymous_1)
FNDA:12,(anonymous_2)
FNDA:16,(anonymous_3)
FNDA:12,(anonymous_4)
FNDA:16,(anonymous_5)
FNDA:12,(anonymous_6)
FNDA:16,(anonymous_7)
FNDA:12,(anonymous_8)
FNDA:16,(anonymous_9)
FNDA:1,onBusquedaInput
FNDA:1,onLimpiarBusqueda
FNDA:1,onLimpiarTodosLosFiltros
FNDA:2,template
DA:10,37
DA:11,8
DA:12,8
DA:13,8
DA:15,8
DA:17,8
DA:18,8
DA:19,8
DA:20,8
DA:22,8
DA:23,7
DA:26,12
DA:28,8
DA:33,16
DA:39,16
DA:45,16
DA:51,16
DA:56,1
DA:57,1
DA:61,1
DA:65,1
LF:21
LH:21
BRDA:11,0,0,8
BRDA:12,1,0,8
BRDA:13,2,0,8
BRDA:15,3,0,8
BRDA:23,4,0,7
BRDA:23,4,1,6
BRDA:23,4,2,6
BRDA:23,5,0,8
BRDA:26,6,0,8
BRDA:10,7,0,8
BRDA:10,7,1,8
BRDA:10,8,0,8
BRDA:10,8,1,29
BRDA:10,9,0,2
BRDA:10,9,1,2
BRDA:10,9,2,2
BRDA:10,10,0,2
BRDA:10,10,1,2
BRDA:10,10,2,2
BRF:19
BRH:19
end_of_record
TN:
SF:src\app\features\pages\inventory\movements\movements-table\movements-table.html
FN:53,(anonymous_0)
FN:169,MovementsTable_Conditional_25_For_2_Template_button_click_37_listener
FN:187,MovementsTable_Conditional_25_Template_p_paginator_onPageChange_15_listener
FN:20,MovementsTable_Template_button_click_11_listener
FN:26,MovementsTable_Template_button_click_15_listener
FN:32,MovementsTable_Template_button_click_19_listener
FNF:6
FNH:1
FNDA:5,(anonymous_0)
FNDA:0,MovementsTable_Conditional_25_For_2_Template_button_click_37_listener
FNDA:0,MovementsTable_Conditional_25_Template_p_paginator_onPageChange_15_listener
FNDA:0,MovementsTable_Template_button_click_11_listener
FNDA:0,MovementsTable_Template_button_click_15_listener
FNDA:0,MovementsTable_Template_button_click_19_listener
DA:1,9
DA:9,9
DA:10,9
DA:11,9
DA:12,9
DA:13,9
DA:14,29
DA:16,9
DA:19,9
DA:20,9
DA:22,9
DA:23,9
DA:26,9
DA:28,9
DA:29,9
DA:32,9
DA:34,9
DA:35,9
DA:40,29
DA:41,0
DA:43,0
DA:44,0
DA:45,0
DA:46,0
DA:51,29
DA:52,5
DA:53,21
DA:54,30
DA:58,30
DA:59,30
DA:60,30
DA:61,30
DA:62,30
DA:63,30
DA:65,30
DA:67,30
DA:68,30
DA:69,30
DA:70,30
DA:72,5
DA:76,2
DA:77,6
DA:78,4
DA:85,4
DA:86,4
DA:88,12
DA:89,4
DA:91,4
DA:92,12
DA:93,4
DA:94,0
DA:96,0
DA:97,0
DA:101,0
DA:103,0
DA:104,0
DA:108,0
DA:110,0
DA:111,0
DA:115,1
DA:117,1
DA:118,1
DA:122,4
DA:125,4
DA:129,12
DA:130,4
DA:131,4
DA:134,12
DA:135,12
DA:136,4
DA:137,12
DA:138,4
DA:142,4
DA:144,4
DA:145,12
DA:149,4
DA:152,4
DA:153,4
DA:154,4
DA:156,4
DA:158,12
DA:159,4
DA:162,4
DA:163,12
DA:164,12
DA:165,4
DA:168,4
DA:169,0
DA:171,4
DA:172,4
DA:178,2
DA:180,2
DA:183,6
DA:184,6
DA:185,6
DA:186,2
DA:187,6
DA:189,2
DA:194,1
DA:197,1
DA:198,1
DA:199,1
DA:200,1
DA:201,1
DA:202,1
DA:206,9
LF:106
LH:91
BRDA:92,0,0,0
BRDA:92,0,1,24
BRDA:92,1,0,0
BRDA:92,1,1,12
BRDA:92,2,0,4
BRDA:92,2,1,8
BRDA:164,3,0,12
BRDA:164,3,1,4
BRDA:14,4,0,0
BRDA:14,4,1,29
BRDA:40,5,0,0
BRDA:40,5,1,29
BRDA:51,6,0,27
BRDA:51,6,1,10
BRF:14
BRH:10
end_of_record
TN:
SF:src\app\features\pages\inventory\movements\movements-table\movements-table.ts
FN:30,(anonymous_0)
FN:36,(anonymous_1)
FN:40,(anonymous_2)
FN:45,(anonymous_3)
FN:50,onPageChange
FN:55,paginaSiguiente
FN:57,(anonymous_6)
FN:61,paginaAnterior
FN:63,(anonymous_8)
FN:67,getInitials
FN:75,shortenId
FN:15,template
FNF:12
FNH:12
FNDA:2,(anonymous_0)
FNDA:1,(anonymous_1)
FNDA:2,(anonymous_2)
FNDA:2,(anonymous_3)
FNDA:1,onPageChange
FNDA:1,paginaSiguiente
FNDA:1,(anonymous_6)
FNDA:1,paginaAnterior
FNDA:1,(anonymous_8)
FNDA:15,getInitials
FNDA:14,shortenId
FNDA:2,template
DA:15,38
DA:16,9
DA:17,9
DA:18,9
DA:19,9
DA:21,9
DA:23,9
DA:24,9
DA:26,9
DA:27,9
DA:28,9
DA:30,9
DA:31,2
DA:32,2
DA:33,2
DA:36,9
DA:37,1
DA:40,9
DA:41,2
DA:42,2
DA:45,9
DA:46,2
DA:47,2
DA:51,1
DA:52,1
DA:56,1
DA:57,1
DA:62,1
DA:63,1
DA:68,15
DA:69,10
DA:70,10
DA:76,14
LF:33
LH:33
BRDA:16,0,0,9
BRDA:17,1,0,9
BRDA:18,2,0,9
BRDA:19,3,0,9
BRDA:23,4,0,9
BRDA:24,5,0,9
BRDA:34,6,0,9
BRDA:37,7,0,1
BRDA:37,7,1,0
BRDA:37,8,0,9
BRDA:41,9,0,0
BRDA:41,9,1,2
BRDA:43,10,0,9
BRDA:48,11,0,9
BRDA:56,12,0,1
BRDA:56,12,1,0
BRDA:62,13,0,1
BRDA:62,13,1,0
BRDA:68,14,0,5
BRDA:68,14,1,10
BRDA:70,15,0,9
BRDA:70,15,1,1
BRDA:76,16,0,13
BRDA:76,16,1,1
BRDA:15,17,0,9
BRDA:15,17,1,9
BRDA:15,18,0,9
BRDA:15,18,1,29
BRDA:15,19,0,2
BRDA:15,19,1,2
BRDA:15,19,2,2
BRDA:15,20,0,2
BRDA:15,20,1,2
BRDA:15,20,2,2
BRF:34
BRH:30
end_of_record
TN:
SF:src\app\features\pages\inventory\movements\product-kardex\product-kardex.html
[...]
BRDA:22,3,2,1
BRF:10
BRH:9
end_of_record
TN:
SF:src\app\features\seller\layout\navbar\navbar.html
FN:5,Navbar_Template_button_click_2_listener
FN:13,Navbar_Template_button_click_5_listener
FN:19,Navbar_Template_button_click_8_listener
FN:25,Navbar_Template_button_click_11_listener
FNF:4
FNH:0
FNDA:0,Navbar_Template_button_click_2_listener
FNDA:0,Navbar_Template_button_click_5_listener
FNDA:0,Navbar_Template_button_click_8_listener
FNDA:0,Navbar_Template_button_click_11_listener
DA:1,2
DA:5,2
DA:7,2
DA:8,2
DA:11,2
DA:13,2
DA:15,2
DA:17,2
DA:19,2
DA:21,2
DA:23,2
DA:25,2
DA:27,2
DA:28,2
LF:14
LH:14
BRF:0
BRH:0
end_of_record
TN:
SF:src\app\features\seller\layout\navbar\navbar.ts
FN:11,template
FNF:1
FNH:1
FNDA:2,template
DA:11,2
DA:12,2
DA:14,2
LF:3
LH:3
BRDA:11,0,0,2
BRDA:11,0,1,2
BRDA:11,1,0,2
BRDA:11,1,1,0
BRDA:11,2,0,2
BRDA:11,2,1,2
BRDA:11,2,2,2
BRDA:11,3,0,2
BRDA:11,3,1,2
BRDA:11,3,2,2
BRF:10
BRH:9
end_of_record
TN:
SF:src\app\features\seller\layout\sidebar\sidebar.html
FN:2,Sidebar_Conditional_0_Template_div_click_0_listener
FN:32,Sidebar_Conditional_15_Template_button_click_0_listener
FN:45,Sidebar_Conditional_18_Template_button_click_0_listener
FN:165,Sidebar_Conditional_66_Template_a_click_7_listener
FN:38,Sidebar_Template_button_click_16_listener
FN:55,Sidebar_Template_a_click_21_listener
FN:69,Sidebar_Template_a_click_28_listener
FN:77,Sidebar_Template_a_click_32_listener
FN:85,Sidebar_Template_a_click_36_listener
FN:109,Sidebar_Template_a_click_43_listener
FN:123,Sidebar_Template_a_click_48_listener
FN:131,Sidebar_Template_button_click_52_listener
FN:139,Sidebar_Template_button_click_57_listener
FNF:13
FNH:0
FNDA:0,Sidebar_Conditional_0_Template_div_click_0_listener
FNDA:0,Sidebar_Conditional_15_Template_button_click_0_listener
FNDA:0,Sidebar_Conditional_18_Template_button_click_0_listener
FNDA:0,Sidebar_Conditional_66_Template_a_click_7_listener
FNDA:0,Sidebar_Template_button_click_16_listener
FNDA:0,Sidebar_Template_a_click_21_listener
FNDA:0,Sidebar_Template_a_click_28_listener
FNDA:0,Sidebar_Template_a_click_32_listener
FNDA:0,Sidebar_Template_a_click_36_listener
FNDA:0,Sidebar_Template_a_click_43_listener
FNDA:0,Sidebar_Template_a_click_48_listener
FNDA:0,Sidebar_Template_button_click_52_listener
FNDA:0,Sidebar_Template_button_click_57_listener
DA:1,0
DA:2,0
DA:3,0
DA:6,8
DA:8,0
DA:12,8
DA:15,8
DA:17,8
DA:22,8
DA:24,8
DA:25,8
DA:26,8
DA:27,8
DA:31,0
DA:32,0
DA:34,0
DA:35,0
DA:38,8
DA:40,8
DA:41,8
DA:44,0
DA:45,0
DA:47,0
DA:48,0
DA:50,8
DA:52,8
DA:55,8
DA:58,0
DA:59,8
DA:60,8
DA:64,8
DA:65,8
DA:67,8
DA:69,8
DA:72,0
DA:73,8
DA:74,8
DA:77,8
DA:80,0
DA:81,8
DA:82,8
DA:85,8
DA:88,0
DA:89,8
DA:90,8
DA:95,8
DA:96,8
DA:98,8
DA:109,8
DA:112,0
DA:113,8
DA:114,8
DA:121,8
DA:123,8
DA:126,0
DA:127,8
DA:128,8
DA:131,8
DA:133,0
DA:134,8
DA:135,8
DA:138,8
DA:139,8
DA:141,0
DA:142,8
DA:144,0
DA:145,8
DA:147,8
DA:148,8
DA:149,8
DA:151,8
DA:152,8
DA:154,0
DA:155,0
DA:159,0
DA:160,0
DA:161,0
DA:164,0
DA:165,0
DA:167,0
DA:168,0
DA:174,8
LF:82
LH:52
BRDA:159,0,0,0
BRDA:159,0,1,0
BRDA:161,1,0,0
BRDA:161,1,1,0
BRDA:1,2,0,0
BRDA:1,2,1,0
BRDA:31,3,0,0
BRDA:31,3,1,0
BRDA:44,4,0,0
BRDA:44,4,1,0
BRDA:144,5,0,0
BRDA:144,5,1,0
BRDA:148,6,0,0
BRDA:148,6,1,0
BRDA:149,7,0,0
BRDA:149,7,1,0
BRDA:154,8,0,0
BRDA:154,8,1,0
BRF:18
BRH:0
end_of_record
TN:
SF:src\app\features\seller\layout\sidebar\sidebar.ts
FN:18,(anonymous_0)
FN:26,constructor
FN:28,(anonymous_2)
FN:29,(anonymous_3)
FN:32,toggle
FN:36,toggleSection
FN:40,isSectionOpen
FN:44,toggleUserMenu
FN:49,onDocumentClick
FN:56,logout
FN:12,hostBindings
FN:12,Sidebar_click_HostBindingHandler
FNF:12
FNH:11
FNDA:8,(anonymous_0)
FNDA:8,constructor
FNDA:1,(anonymous_2)
FNDA:1,(anonymous_3)
FNDA:1,toggle
FNDA:2,toggleSection
FNDA:1,isSectionOpen
FNDA:1,toggleUserMenu
FNDA:1,onDocumentClick
FNDA:1,logout
FNDA:2,hostBindings
FNDA:0,Sidebar_click_HostBindingHandler
DA:12,8
DA:14,8
DA:15,8
DA:16,8
DA:18,8
DA:19,8
DA:20,8
DA:23,8
DA:24,8
DA:27,8
DA:28,1
DA:29,1
DA:33,1
DA:37,2
DA:41,1
DA:45,1
DA:50,1
DA:51,1
DA:52,1
DA:57,1
DA:58,1
LF:21
LH:21
BRDA:14,0,0,8
BRDA:15,1,0,8
BRDA:16,2,0,8
BRDA:20,3,0,7
BRDA:20,3,1,1
BRDA:37,4,0,1
BRDA:37,4,1,1
BRDA:51,5,0,1
BRDA:51,5,1,0
BRDA:12,6,0,8
BRDA:12,6,1,8
BRDA:12,7,0,8
BRDA:12,7,1,0
BRDA:12,8,0,2
BRDA:12,8,1,2
BRDA:12,8,2,2
BRDA:12,9,0,2
BRDA:12,9,1,2
BRDA:12,9,2,2
BRF:19
BRH:17
end_of_record
TN:
SF:src\app\features\seller\seller-dashboard\seller-dashboard.html
FN:277,SellerDashboard_Conditional_153_Template_button_click_4_listener
FN:179,SellerDashboard_Template_button_click_111_listener
FN:190,SellerDashboard_Template_button_click_119_listener
FN:201,SellerDashboard_Template_button_click_127_listener
FN:212,SellerDashboard_Template_button_click_135_listener
FN:234,SellerDashboard_Template_button_click_149_listener
FNF:6
FNH:0
FNDA:0,SellerDashboard_Conditional_153_Template_button_click_4_listener
FNDA:0,SellerDashboard_Template_button_click_111_listener
FNDA:0,SellerDashboard_Template_button_click_119_listener
FNDA:0,SellerDashboard_Template_button_click_127_listener
FNDA:0,SellerDashboard_Template_button_click_135_listener
FNDA:0,SellerDashboard_Template_button_click_149_listener
DA:1,3
DA:6,3
DA:16,3
DA:23,3
DA:26,3
DA:27,3
DA:28,3
DA:31,3
DA:32,3
DA:33,3
DA:35,4
DA:36,3
DA:37,3
DA:39,3
DA:40,3
DA:41,3
DA:44,3
DA:50,3
DA:51,3
DA:52,3
DA:53,3
DA:54,3
DA:55,4
DA:56,3
DA:60,3
DA:64,3
DA:65,3
DA:66,3
DA:67,3
DA:68,3
DA:69,4
DA:70,3
DA:79,3
DA:84,3
DA:85,4
DA:86,3
DA:87,3
DA:88,3
DA:90,3
DA:91,3
DA:92,3
DA:96,3
DA:99,3
DA:100,4
DA:101,3
DA:102,3
DA:103,3
DA:105,3
DA:106,3
DA:107,3
DA:111,3
DA:114,3
DA:115,4
DA:116,3
DA:117,3
DA:118,3
DA:119,3
DA:121,3
DA:122,3
DA:123,3
DA:127,3
DA:130,3
DA:131,4
DA:132,3
DA:133,3
DA:134,3
DA:136,3
DA:137,3
DA:138,3
DA:144,3
DA:149,3
DA:150,3
DA:152,3
DA:153,4
DA:154,3
DA:155,3
DA:156,3
DA:159,4
DA:160,1
DA:161,4
DA:162,1
DA:164,0
DA:167,0
DA:168,0
DA:172,3
DA:174,3
DA:176,3
DA:177,3
DA:178,3
DA:179,3
DA:181,3
DA:182,3
DA:183,3
DA:184,3
DA:185,3
DA:186,3
DA:190,3
DA:192,3
DA:193,3
DA:194,3
DA:195,3
DA:196,3
DA:197,3
DA:201,3
DA:203,3
DA:204,3
DA:205,3
DA:206,3
DA:207,3
DA:208,3
DA:212,3
DA:214,3
DA:215,3
DA:216,3
DA:217,3
DA:218,3
DA:219,3
DA:227,3
DA:232,3
DA:233,3
DA:234,3
DA:236,3
DA:237,3
DA:240,4
DA:241,1
DA:242,1
DA:243,1
DA:245,0
DA:246,0
DA:247,0
DA:250,0
DA:251,0
DA:252,0
DA:253,0
DA:254,0
DA:256,0
DA:257,0
DA:258,0
DA:259,0
DA:260,0
DA:263,0
DA:264,0
DA:265,0
DA:266,0
DA:267,0
DA:268,0
DA:272,0
DA:274,0
DA:275,0
DA:276,0
DA:277,0
DA:279,0
DA:280,0
DA:283,3
DA:285,3
DA:288,3
DA:289,3
DA:290,4
DA:291,1
DA:292,4
DA:293,1
DA:295,3
DA:297,4
DA:298,1
DA:299,4
DA:300,4
DA:301,0
DA:303,0
DA:304,0
DA:305,0
DA:306,0
DA:307,0
DA:311,1
DA:313,1
DA:314,1
DA:315,1
DA:316,4
DA:317,1
DA:318,4
DA:319,1
DA:324,4
DA:325,0
DA:326,0
DA:327,0
DA:329,1
DA:331,0
DA:332,0
DA:333,0
DA:336,3
LF:189
LH:148
BRDA:250,0,0,0
BRDA:250,0,1,0
BRDA:252,1,0,0
BRDA:252,1,1,0
BRDA:256,2,0,0
BRDA:256,2,1,0
BRDA:266,3,0,0
BRDA:266,3,1,0
BRDA:300,4,0,0
BRDA:300,4,1,4
BRDA:324,5,0,0
BRDA:324,5,1,4
BRDA:35,6,0,4
BRDA:35,6,1,0
BRDA:35,6,2,0
BRDA:55,7,0,4
BRDA:55,7,1,4
BRDA:159,8,0,4
BRDA:159,8,1,0
BRDA:240,9,0,4
BRDA:240,9,1,0
BRDA:290,10,0,4
BRDA:290,10,1,0
BRDA:297,11,0,4
BRDA:297,11,1,0
BRF:25
BRH:9
end_of_record
TN:
SF:src\app\features\seller\seller-dashboard\seller-dashboard.ts
FN:31,(anonymous_0)
FN:36,(anonymous_1)
FN:42,(anonymous_2)
FN:44,(anonymous_3)
FN:50,(anonymous_4)
FN:52,(anonymous_5)
FN:54,(anonymous_6)
FN:55,(anonymous_7)
FN:58,(anonymous_8)
FN:59,(anonymous_9)
FN:64,(anonymous_10)
FN:66,(anonymous_11)
FN:70,(anonymous_12)
FN:71,(anonymous_13)
FN:74,(anonymous_14)
FN:76,(anonymous_15)
FN:80,(anonymous_16)
FN:90,(anonymous_17)
FN:91,(anonymous_18)
FN:98,(anonymous_19)
FN:125,(anonymous_20)
FN:127,(anonymous_21)
FN:133,(anonymous_22)
FN:136,ngOnInit
FN:140,loadAll
FN:146,loadVentas
FN:156,loadProductos
FN:166,getHora
FN:171,irANuevaVenta
FN:172,irAClientes
FN:173,irACatalogo
FN:174,irAHistorial
FN:19,template
FNF:33
FNH:31
FNDA:2,(anonymous_0)
FNDA:4,(anonymous_1)
FNDA:2,(anonymous_2)
FNDA:4,(anonymous_3)
FNDA:2,(anonymous_4)
FNDA:2,(anonymous_5)
FNDA:4,(anonymous_6)
FNDA:4,(anonymous_7)
FNDA:2,(anonymous_8)
FNDA:4,(anonymous_9)
FNDA:2,(anonymous_10)
FNDA:4,(anonymous_11)
FNDA:2,(anonymous_12)
FNDA:4,(anonymous_13)
FNDA:0,(anonymous_14)
FNDA:0,(anonymous_15)
FNDA:2,(anonymous_16)
FNDA:4,(anonymous_17)
FNDA:4,(anonymous_18)
FNDA:14,(anonymous_19)
FNDA:2,(anonymous_20)
FNDA:4,(anonymous_21)
FNDA:4,(anonymous_22)
FNDA:2,ngOnInit
FNDA:2,loadAll
FNDA:2,loadVentas
FNDA:2,loadProductos
FNDA:1,getHora
FNDA:1,irANuevaVenta
FNDA:1,irAClientes
FNDA:1,irACatalogo
FNDA:1,irAHistorial
FNDA:1,template
DA:10,1
DA:19,7
DA:20,3
DA:21,3
DA:22,3
DA:24,3
DA:25,3
DA:27,3
DA:28,3
DA:29,3
DA:31,3
DA:32,2
DA:33,2
DA:34,2
DA:36,2
DA:37,4
DA:42,3
DA:43,2
DA:44,2
DA:45,4
DA:46,4
DA:50,3
DA:52,3
DA:53,2
DA:54,4
DA:55,4
DA:58,3
DA:59,4
DA:60,2
DA:61,2
DA:64,3
DA:65,2
DA:66,4
DA:70,3
DA:71,4
DA:74,3
DA:75,0
DA:76,0
DA:80,3
DA:81,2
DA:82,2
DA:83,14
DA:84,14
DA:85,14
DA:86,14
DA:89,2
DA:90,4
DA:92,4
DA:93,4
DA:94,4
DA:98,2
DA:99,14
DA:100,14
DA:103,2
DA:118,3
DA:125,3
DA:126,2
DA:128,4
DA:129,4
DA:130,4
DA:131,4
DA:133,4
DA:137,2
DA:141,2
DA:142,2
DA:143,2
DA:147,2
DA:148,2
DA:149,2
DA:150,2
DA:152,0
DA:157,2
DA:158,2
DA:159,2
DA:160,2
DA:162,0
DA:167,1
DA:168,1
DA:171,1
DA:172,1
DA:173,1
DA:174,1
DA:176,3
LF:83
LH:79
BRDA:27,0,0,3
BRDA:28,1,0,3
BRDA:29,2,0,3
BRDA:33,3,0,0
BRDA:33,3,1,2
BRDA:34,4,0,2
BRDA:34,4,1,0
BRDA:34,5,0,2
BRDA:34,5,1,0
BRDA:37,6,0,4
BRDA:37,6,1,0
BRDA:40,7,0,3
BRDA:45,8,0,0
BRDA:45,8,1,4
BRDA:48,9,0,3
BRDA:50,10,0,3
BRDA:55,11,0,4
BRDA:55,11,1,0
BRDA:55,12,0,3
BRDA:60,13,0,0
BRDA:60,13,1,2
BRDA:62,14,0,3
BRDA:67,15,0,3
BRDA:71,16,0,3
BRDA:77,17,0,3
BRDA:93,18,0,4
BRDA:93,18,1,0
BRDA:93,19,0,4
BRDA:93,19,1,4
BRDA:94,20,0,4
BRDA:94,20,1,0
BRDA:116,21,0,3
BRDA:128,22,0,0
BRDA:128,22,1,4
BRDA:131,23,0,4
BRDA:131,23,1,4
BRDA:133,24,0,4
BRDA:133,24,1,0
BRDA:133,25,0,3
BRDA:149,26,0,0
BRDA:149,26,1,2
BRDA:150,27,0,2
BRDA:150,27,1,0
BRDA:150,28,0,2
BRDA:150,28,1,0
BRDA:159,29,0,0
BRDA:159,29,1,2
BRDA:160,30,0,2
BRDA:160,30,1,0
BRDA:160,31,0,2
BRDA:160,31,1,0
BRDA:167,32,0,0
BRDA:167,32,1,1
BRDA:19,33,0,3
BRDA:19,33,1,3
BRDA:19,34,0,3
BRDA:19,34,1,4
BRDA:19,35,0,1
BRDA:19,35,1,1
BRDA:19,35,2,1
BRDA:19,36,0,1
BRDA:19,36,1,1
BRDA:19,36,2,1
BRF:63
BRH:45
end_of_record
TN:
SF:src\app\services\auth.service.ts
FN:37,registerActivity
FN:41,hadRecentActivity
FN:45,getUserFromStorage
FN:55,saveSession
FN:69,getToken
FN:73,getRefreshToken
FN:77,updateCurrentUser
FN:86,logout
FN:99,login
FN:101,(anonymous_9)
FN:111,(anonymous_10)
FN:114,refreshSession
FN:122,(anonymous_12)
FN:133,(anonymous_13)
FN:138,startSessionWatcher
FN:141,(anonymous_15)
FN:150,stopSessionWatcher
FN:157,resumeSessionWatcher
FNF:18
FNH:13
FNDA:4,registerActivity
FNDA:0,hadRecentActivity
FNDA:13,getUserFromStorage
FNDA:2,saveSession
FNDA:1,getToken
FNDA:2,getRefreshToken
FNDA:1,updateCurrentUser
FNDA:1,logout
FNDA:3,login
FNDA:2,(anonymous_9)
FNDA:1,(anonymous_10)
FNDA:0,refreshSession
FNDA:0,(anonymous_12)
FNDA:0,(anonymous_13)
FNDA:3,startSessionWatcher
FNDA:0,(anonymous_15)
FNDA:4,stopSessionWatcher
FNDA:1,resumeSessionWatcher
DA:22,5
DA:23,5
DA:28,12
DA:29,13
DA:30,13
DA:32,13
DA:34,13
DA:35,13
DA:38,4
DA:42,0
DA:46,13
DA:47,13
DA:48,1
DA:49,1
DA:51,0
DA:56,2
DA:57,2
DA:59,2
DA:60,2
DA:62,2
DA:63,2
DA:64,2
DA:65,2
DA:66,2
DA:70,1
DA:74,2
DA:78,1
DA:79,1
DA:81,1
DA:82,1
DA:83,1
DA:87,1
DA:88,1
DA:89,1
DA:90,1
DA:91,1
DA:92,1
DA:94,1
DA:100,3
DA:102,2
DA:104,2
DA:105,1
DA:108,1
DA:109,1
DA:111,1
DA:115,0
DA:116,0
DA:117,0
DA:118,0
DA:121,0
DA:123,0
DA:125,0
DA:126,0
DA:127,0
DA:130,0
DA:131,0
DA:134,0
DA:139,3
DA:141,3
DA:142,0
DA:143,0
DA:145,0
DA:151,4
DA:152,0
DA:153,0
DA:158,1
DA:159,1
DA:160,1
LF:68
LH:49
BRDA:32,0,0,13
BRDA:47,1,0,12
BRDA:47,1,1,1
BRDA:56,2,0,2
BRDA:56,2,1,1
BRDA:56,2,2,0
BRDA:57,3,0,2
BRDA:57,3,1,2
BRDA:59,4,0,2
BRDA:59,4,1,0
BRDA:60,5,0,0
BRDA:60,5,1,2
BRDA:79,6,0,0
BRDA:79,6,1,1
BRDA:95,7,0,1
BRDA:95,7,1,0
BRDA:102,8,0,0
BRDA:102,8,1,2
BRDA:104,9,0,1
BRDA:104,9,1,1
BRDA:105,10,0,1
BRDA:105,10,1,0
BRDA:109,11,0,1
BRDA:109,11,1,0
BRDA:116,12,0,0
BRDA:116,12,1,0
BRDA:123,13,0,0
BRDA:123,13,1,0
BRDA:125,14,0,0
BRDA:125,14,1,0
BRDA:142,15,0,0
BRDA:142,15,1,0
BRDA:151,16,0,0
BRDA:151,16,1,4
BRDA:158,17,0,1
BRDA:158,17,1,0
BRDA:158,18,0,1
BRDA:158,18,1,1
BRDA:28,19,0,12
BRDA:28,19,1,12
BRDA:28,20,0,5
BRDA:28,20,1,5
BRDA:28,20,2,5
BRF:43
BRH:25
end_of_record
TN:
SF:src\app\services\export.service.ts
FN:27,generarPDFConPestana
FN:85,(anonymous_1)
FN:163,exportarAExcel
FNF:3
FNH:3
FNDA:2,generarPDFConPestana
FNDA:2,(anonymous_1)
FNDA:1,exportarAExcel
DA:25,4
DA:28,2
DA:29,2
DA:35,2
DA:36,2
DA:38,2
DA:39,2
DA:40,2
DA:41,2
DA:43,2
DA:44,2
DA:45,2
DA:46,2
DA:47,2
DA:48,2
DA:50,2
DA:51,2
DA:52,2
DA:54,2
DA:55,2
DA:56,2
DA:57,2
DA:59,2
DA:60,2
DA:61,2
DA:62,2
DA:63,2
DA:65,2
DA:66,2
DA:68,2
DA:69,2
DA:70,2
DA:71,2
DA:73,2
DA:74,2
DA:75,2
DA:76,1
DA:77,1
DA:79,1
DA:80,1
DA:82,2
DA:84,2
DA:85,2
DA:93,2
DA:117,2
DA:118,2
DA:120,2
DA:121,2
DA:122,2
DA:124,2
DA:125,2
DA:126,2
DA:128,2
DA:129,2
DA:130,2
DA:132,2
DA:133,2
DA:134,2
DA:135,2
DA:137,2
DA:138,2
DA:139,2
DA:140,2
DA:142,2
DA:143,2
DA:144,2
DA:145,2
DA:146,2
DA:148,2
DA:149,2
DA:151,2
DA:152,1
DA:154,1
DA:158,0
DA:159,0
DA:164,1
LF:76
LH:74
BRDA:75,0,0,1
BRDA:75,0,1,1
BRDA:118,1,0,2
BRDA:118,1,1,0
BRDA:118,2,0,2
BRDA:118,2,1,2
BRDA:151,3,0,1
BRDA:151,3,1,1
BRDA:159,4,0,0
BRDA:159,4,1,0
BRDA:25,5,0,4
BRDA:25,5,1,4
BRDA:25,6,0,2
BRDA:25,6,1,2
BRDA:25,6,2,2
BRF:15
BRH:12
end_of_record
TN:
SF:src\app\services\layout.service.ts
FN:14,constructor
FN:16,(anonymous_1)
FN:24,toggle
FN:25,(anonymous_3)
FN:28,open
FN:32,close
FN:36,openDrawer
FN:40,closeDrawer
FN:44,toggleDrawer
FNF:9
FNH:9
FNDA:6,constructor
FNDA:6,(anonymous_1)
FNDA:2,toggle
FNDA:2,(anonymous_3)
FNDA:2,open
FNDA:2,close
FNDA:4,openDrawer
FNDA:2,closeDrawer
FNDA:4,toggleDrawer
DA:7,6
DA:8,6
DA:10,6
DA:12,6
DA:15,6
DA:16,6
DA:17,6
DA:18,1
DA:25,2
DA:29,2
DA:33,2
DA:37,4
DA:41,2
DA:45,4
DA:46,1
DA:48,3
LF:16
LH:16
BRDA:10,0,0,6
BRDA:12,1,0,6
BRDA:15,2,0,6
BRDA:15,2,1,0
BRDA:17,3,0,1
BRDA:17,3,1,5
BRDA:17,4,0,6
BRDA:17,4,1,6
BRDA:45,5,0,1
BRDA:45,5,1,3
BRDA:7,6,0,6
BRDA:7,6,1,6
BRDA:7,7,0,4
BRDA:7,7,1,4
BRDA:7,7,2,4
BRF:15
BRH:14
end_of_record
TN:
SF:src\app\shared\components\drawer\drawer.html
FN:1,Drawer_Template_p_drawer_visibleChange_0_listener
FN:57,Drawer_Template_button_click_7_listener
FNF:2
FNH:0
FNDA:0,Drawer_Template_p_drawer_visibleChange_0_listener
FNDA:0,Drawer_Template_button_click_7_listener
DA:1,5
DA:4,5
DA:10,0
DA:11,5
DA:12,0
DA:14,0
DA:15,0
DA:16,0
DA:18,0
DA:19,0
DA:20,0
DA:22,0
DA:23,0
DA:25,0
DA:29,0
DA:31,0
DA:32,0
DA:33,0
DA:35,0
DA:36,0
DA:38,0
DA:39,0
DA:41,0
DA:45,0
DA:47,0
DA:48,0
DA:49,0
DA:50,0
DA:51,0
DA:55,5
DA:57,5
DA:59,5
DA:60,5
DA:64,5
DA:65,0
DA:66,5
DA:67,0
DA:70,0
DA:73,0
DA:76,5
DA:78,5
DA:79,0
DA:80,5
DA:81,0
DA:82,0
DA:83,0
DA:84,0
DA:87,0
DA:88,0
DA:89,0
DA:90,0
DA:92,0
DA:93,0
DA:94,0
DA:97,0
DA:100,5
LF:56
LH:13
BRDA:1,0,0,0
BRDA:1,0,1,0
BRDA:10,1,0,0
BRDA:10,1,1,0
BRDA:10,2,0,0
BRDA:10,2,1,0
BRDA:65,3,0,0
BRDA:65,3,1,0
BRDA:65,4,0,0
BRDA:65,4,1,0
BRDA:79,5,0,0
BRDA:79,5,1,0
BRDA:79,6,0,0
BRDA:79,6,1,0
BRF:14
BRH:0
end_of_record
TN:
SF:src\app\shared\components\drawer\drawer.ts
FN:25,isVisible
FN:29,isVisible_2
FN:22,template
FNF:3
FNH:3
FNDA:2,isVisible
FNDA:2,isVisible_2
FNDA:2,template
DA:22,5
DA:23,5
DA:26,2
DA:30,2
DA:31,1
LF:5
LH:5
BRDA:30,0,0,1
BRDA:30,0,1,1
BRDA:22,1,0,5
BRDA:22,1,1,5
BRDA:22,2,0,5
BRDA:22,2,1,0
BRDA:22,3,0,2
BRDA:22,3,1,2
BRDA:22,3,2,2
BRDA:22,4,0,2
BRDA:22,4,1,2
BRDA:22,4,2,2
BRF:12
BRH:11
end_of_record
TN:
SF:src\app\shared\components\drawer\drawer-messages\drawer-messages.html
FNF:0
FNH:0
DA:1,1
DA:4,1
DA:8,1
DA:10,1
DA:14,1
DA:17,1
DA:18,1
DA:19,1
DA:21,1
DA:22,1
DA:23,1
DA:24,1
DA:26,1
DA:27,1
DA:28,1
DA:30,1
DA:31,1
DA:34,1
DA:42,1
DA:43,1
DA:44,1
DA:46,1
DA:48,1
DA:50,1
DA:51,1
DA:54,1
DA:55,1
DA:56,1
DA:58,1
DA:61,1
DA:62,1
DA:63,1
DA:65,1
DA:66,1
DA:72,1
DA:78,1
DA:79,1
DA:82,1
DA:84,1
DA:85,1
DA:88,1
DA:89,1
DA:91,1
DA:93,1
DA:96,1
DA:97,1
DA:98,1
DA:100,1
DA:101,1
DA:107,1
DA:113,1
DA:114,1
DA:117,1
DA:119,1
DA:120,1
DA:123,1
DA:124,1
DA:126,1
DA:128,1
DA:131,1
DA:132,1
DA:138,1
DA:144,1
DA:145,1
DA:146,1
DA:148,1
DA:150,1
DA:152,1
DA:153,1
DA:156,1
DA:157,1
DA:158,1
DA:160,1
DA:163,1
DA:164,1
DA:170,1
DA:176,1
DA:177,1
DA:180,1
DA:182,1
DA:183,1
DA:186,1
DA:187,1
DA:188,1
DA:189,1
DA:191,1
DA:194,1
DA:195,1
LF:88
LH:88
BRF:0
BRH:0
end_of_record
TN:
SF:src\app\shared\components\drawer\drawer-messages\drawer-messages.ts
FN:9,template
FNF:1
FNH:1
FNDA:3,template
DA:9,3
LF:1
LH:1
BRDA:9,0,0,1
BRDA:9,0,1,1
BRDA:9,1,0,1
BRDA:9,1,1,0
BRDA:9,2,0,3
BRDA:9,2,1,3
BRDA:9,2,2,3
BRDA:9,3,0,3
BRDA:9,3,1,3
BRDA:9,3,2,3
BRF:10
BRH:9
end_of_record
TN:
SF:src\app\shared\components\drawer\drawer-notifications\drawer-notifications.html
FNF:0
FNH:0
DA:1,1
DA:5,1
DA:6,1
DA:7,1
DA:8,1
DA:10,1
DA:12,1
DA:13,1
DA:16,1
DA:21,1
DA:24,1
DA:26,1
DA:27,1
DA:29,1
DA:31,1
DA:32,1
DA:34,1
DA:35,1
DA:36,1
DA:37,1
DA:38,1
DA:40,1
DA:41,1
DA:46,1
DA:48,1
DA:50,1
DA:52,1
DA:53,1
DA:55,1
DA:57,1
DA:58,1
DA:60,1
DA:61,1
DA:62,1
DA:63,1
DA:64,1
DA:66,1
DA:67,1
DA:74,1
DA:78,1
DA:79,1
DA:81,1
DA:83,1
DA:84,1
DA:86,1
DA:87,1
DA:89,1
DA:90,1
DA:93,1
DA:94,1
DA:99,1
DA:103,1
DA:104,1
DA:106,1
DA:108,1
DA:109,1
DA:111,1
DA:112,1
DA:113,1
DA:114,1
DA:117,1
DA:118,1
DA:123,1
DA:127,1
DA:128,1
DA:130,1
DA:132,1
DA:133,1
DA:135,1
DA:136,1
DA:137,1
DA:138,1
DA:141,1
DA:142,1
LF:74
LH:74
BRF:0
BRH:0
end_of_record
TN:
SF:src\app\shared\components\drawer\drawer-notifications\drawer-notifications.ts
FN:9,template
FNF:1
FNH:1
FNDA:3,template
DA:9,3
LF:1
LH:1
BRDA:9,0,0,1
BRDA:9,0,1,1
BRDA:9,1,0,1
BRDA:9,1,1,0
BRDA:9,2,0,3
BRDA:9,2,1,3
BRDA:9,2,2,3
BRDA:9,3,0,3
BRDA:9,3,1,3
BRDA:9,3,2,3
BRF:10
BRH:9
end_of_record
TN:
SF:src\app\shared\components\drawer\drawer-settings\drawer-settings.html
FNF:0
FNH:0
DA:1,1
DA:5,1
DA:6,1
DA:8,1
DA:14,1
DA:15,1
DA:16,1
DA:17,1
DA:18,1
DA:21,1
DA:22,1
DA:24,1
DA:28,1
DA:30,1
DA:34,1
DA:35,1
DA:36,1
DA:37,1
DA:38,1
DA:41,1
DA:42,1
DA:44,1
DA:48,1
DA:50,1
DA:54,1
DA:55,1
DA:56,1
DA:57,1
DA:58,1
DA:59,1
DA:62,1
DA:64,1
DA:65,1
DA:66,1
DA:73,1
DA:75,1
DA:76,1
DA:78,1
DA:84,1
DA:85,1
DA:86,1
DA:87,1
DA:88,1
DA:91,1
DA:92,1
DA:96,1
DA:99,1
DA:104,1
DA:105,1
DA:106,1
DA:107,1
DA:108,1
DA:111,1
DA:112,1
DA:116,1
DA:121,1
DA:123,1
DA:124,1
DA:126,1
DA:131,1
DA:132,1
DA:133,1
DA:136,1
DA:139,1
DA:140,1
DA:141,1
DA:143,1
DA:144,1
DA:150,1
DA:153,1
DA:154,1
DA:155,1
LF:72
LH:72
BRF:0
BRH:0
end_of_record
TN:
SF:src\app\shared\components\drawer\drawer-settings\drawer-settings.ts
FN:9,template
FNF:1
FNH:1
FNDA:2,template
DA:9,2
LF:1
LH:1
BRDA:9,0,0,1
BRDA:9,0,1,1
BRDA:9,1,0,1
BRDA:9,1,1,0
BRDA:9,2,0,2
BRDA:9,2,1,2
BRDA:9,2,2,2
BRDA:9,3,0,2
BRDA:9,3,1,2
BRDA:9,3,2,2
BRF:10
BRH:9
end_of_record
TN:
SF:src\app\shared\utils\test-helpers.ts
FN:8,rootUrl
FN:12,rootUrl_2
FN:16,(anonymous_2)
FN:17,(anonymous_3)
FN:57,(anonymous_4)
FN:70,(anonymous_5)
FN:71,(anonymous_6)
FN:73,(anonymous_7)
FN:76,(anonymous_8)
FN:79,(anonymous_9)
FN:82,(anonymous_10)
FN:85,(anonymous_11)
FNF:12
FNH:3
FNDA:0,rootUrl
FNDA:0,rootUrl_2
FNDA:0,(anonymous_2)
FNDA:0,(anonymous_3)
FNDA:6,(anonymous_4)
FNDA:0,(anonymous_5)
FNDA:0,(anonymous_6)
FNDA:0,(anonymous_7)
FNDA:1,(anonymous_8)
FNDA:0,(anonymous_9)
FNDA:1,(anonymous_10)
FNDA:0,(anonymous_11)
DA:5,11
DA:6,98
DA:9,0
DA:13,0
DA:16,98
DA:17,98
DA:20,11
DA:21,17
DA:30,17
DA:31,17
DA:32,17
DA:33,17
DA:34,17
DA:35,17
DA:36,17
DA:37,17
DA:38,17
DA:39,17
DA:40,17
DA:41,17
DA:42,17
DA:45,11
DA:46,58
DA:47,58
DA:48,58
DA:49,58
DA:50,58
DA:51,58
DA:52,58
DA:53,58
DA:56,11
DA:57,38
DA:58,6
DA:59,6
DA:62,38
DA:63,38
DA:66,11
DA:67,13
DA:68,13
DA:70,13
DA:71,0
DA:73,13
DA:74,0
DA:76,13
DA:77,1
DA:79,13
DA:80,0
DA:82,13
DA:83,1
DA:85,13
DA:86,0
DA:87,0
DA:89,0
DA:94,11
DA:95,5
DA:96,5
LF:56
LH:48
BRDA:28,0,0,17
BRDA:58,1,0,6
BRDA:58,1,1,0
BRDA:67,2,0,13
BRDA:68,3,0,13
BRDA:86,4,0,0
BRDA:86,4,1,0
BRF:7
BRH:4
end_of_record
